This file contains any messages produced by compilers while
running configure, to aid debugging if configure makes a mistake.

It was created by skypat configure bourbon, which was
generated by GNU Autoconf 2.69.  Invocation command line was

  $ /Users/liqinghua/git/wasmLearning/WasmVM/cmake-build-debug/SkyPat/src/SkyPat/configure --prefix=/Users/liqinghua/git/wasmLearning/WasmVM/cmake-build-debug/SkyPat

## --------- ##
## Platform. ##
## --------- ##

hostname = liqinghuadeMacBook-Pro.local
uname -m = x86_64
uname -r = 18.7.0
uname -s = Darwin
uname -v = Darwin Kernel Version 18.7.0: Tue Aug 20 16:57:14 PDT 2019; root:xnu-4903.271.2~2/RELEASE_X86_64

/usr/bin/uname -p = i386
/bin/uname -X     = unknown

/bin/arch              = unknown
/usr/bin/arch -k       = unknown
/usr/convex/getsysinfo = unknown
/usr/bin/hostinfo      = Mach kernel version:
	 Darwin Kernel Version 18.7.0: Tue Aug 20 16:57:14 PDT 2019; root:xnu-4903.271.2~2/RELEASE_X86_64
Kernel configured for up to 8 processors.
4 processors are physically available.
8 processors are logically available.
Processor type: x86_64h (Intel x86-64h Haswell)
Processors active: 0 1 2 3 4 5 6 7
Primary memory available: 16.00 gigabytes
Default processor set: 470 tasks, 2380 threads, 8 processors
Load average: 2.50, Mach factor: 5.51
/bin/machine           = unknown
/usr/bin/oslevel       = unknown
/bin/universe          = unknown

PATH: /Users/liqinghua/git/nvm/versions/node/v12.6.0/bin
PATH: /Users/liqinghua/anaconda3/bin
PATH: /Users/liqinghua/.pyenv/shims
PATH: /Users/liqinghua/.pyenv/bin
PATH: /usr/local/bin
PATH: /usr/bin
PATH: /bin
PATH: /usr/sbin
PATH: /sbin
PATH: /Applications/VMware Fusion.app/Contents/Public
PATH: /usr/local/go/bin
PATH: /usr/local/share/dotnet
PATH: /opt/X11/bin
PATH: /Library/Frameworks/Mono.framework/Versions/Current/Commands
PATH: /usr/local/go/bin
PATH: /usr/local/mysql/bin


## ----------- ##
## Core tests. ##
## ----------- ##

configure:2556: checking build system type
configure:2570: result: x86_64-apple-darwin18.7.0
configure:2590: checking host system type
configure:2603: result: x86_64-apple-darwin18.7.0
configure:2623: checking target system type
configure:2636: result: x86_64-apple-darwin18.7.0
configure:2665: checking type of operating system we're going to host on
configure:2733: result: Darwin
configure:2761: checking type of operating system we're going to target
configure:2813: result: Darwin
configure:2824: checking target architecture
configure:2846: result: x86_64
configure:2879: checking for a BSD-compatible install
configure:2947: result: /usr/bin/install -c
configure:2958: checking whether build environment is sane
configure:3013: result: yes
configure:3164: checking for a thread-safe mkdir -p
configure:3203: result: /Users/liqinghua/git/wasmLearning/WasmVM/cmake-build-debug/SkyPat/src/SkyPat/scripts/install-sh -c -d
configure:3210: checking for gawk
configure:3240: result: no
configure:3210: checking for mawk
configure:3240: result: no
configure:3210: checking for nawk
configure:3240: result: no
configure:3210: checking for awk
configure:3226: found /usr/bin/awk
configure:3237: result: awk
configure:3248: checking whether make sets $(MAKE)
configure:3270: result: yes
configure:3299: checking whether make supports nested variables
configure:3316: result: yes
configure:3506: checking for gcc
configure:3522: found /usr/bin/gcc
configure:3533: result: gcc
configure:3762: checking for C compiler version
configure:3771: gcc --version >&5
Apple clang version 11.0.0 (clang-1100.0.33.8)
Target: x86_64-apple-darwin18.7.0
Thread model: posix
InstalledDir: /Applications/Xcode.app/Contents/Developer/Toolchains/XcodeDefault.xctoolchain/usr/bin
Configured with: --prefix=/Applications/Xcode.app/Contents/Developer/usr --with-gxx-include-dir=/Library/Developer/CommandLineTools/SDKs/MacOSX.sdk/usr/include/c++/4.2.1
configure:3782: $? = 0
configure:3771: gcc -v >&5
Configured with: --prefix=/Applications/Xcode.app/Contents/Developer/usr --with-gxx-include-dir=/Library/Developer/CommandLineTools/SDKs/MacOSX.sdk/usr/include/c++/4.2.1
Apple clang version 11.0.0 (clang-1100.0.33.8)
Target: x86_64-apple-darwin18.7.0
Thread model: posix
InstalledDir: /Applications/Xcode.app/Contents/Developer/Toolchains/XcodeDefault.xctoolchain/usr/bin
configure:3782: $? = 0
configure:3771: gcc -V >&5
clang: error: unsupported option '-V -Wno-framework-include-private-from-public'
clang: error: no input files
configure:3782: $? = 1
configure:3771: gcc -qversion >&5
clang: error: unknown argument '-qversion', did you mean '--version'?
clang: error: no input files
configure:3782: $? = 1
configure:3802: checking whether the C compiler works
configure:3824: gcc    conftest.c  >&5
configure:3828: $? = 0
configure:3876: result: yes
configure:3879: checking for C compiler default output file name
configure:3881: result: a.out
configure:3887: checking for suffix of executables
configure:3894: gcc -o conftest    conftest.c  >&5
configure:3898: $? = 0
configure:3920: result: 
configure:3942: checking whether we are cross compiling
configure:3950: gcc -o conftest    conftest.c  >&5
configure:3954: $? = 0
configure:3961: ./conftest
configure:3965: $? = 0
configure:3980: result: no
configure:3985: checking for suffix of object files
configure:4007: gcc -c   conftest.c >&5
configure:4011: $? = 0
configure:4032: result: o
configure:4036: checking whether we are using the GNU C compiler
configure:4055: gcc -c   conftest.c >&5
configure:4055: $? = 0
configure:4064: result: yes
configure:4073: checking whether gcc accepts -g
configure:4093: gcc -c -g  conftest.c >&5
configure:4093: $? = 0
configure:4134: result: yes
configure:4151: checking for gcc option to accept ISO C89
configure:4214: gcc  -c -g -O2  conftest.c >&5
configure:4214: $? = 0
configure:4227: result: none needed
configure:4252: checking whether gcc understands -c and -o together
configure:4274: gcc -c conftest.c -o conftest2.o
configure:4277: $? = 0
configure:4274: gcc -c conftest.c -o conftest2.o
configure:4277: $? = 0
configure:4289: result: yes
configure:4309: checking whether make supports the include directive
configure:4324: make -f confmf.GNU && cat confinc.out
this is the am__doit target
configure:4327: $? = 0
configure:4346: result: yes (GNU style)
configure:4371: checking dependency style of gcc
configure:4482: result: gcc3
configure:4555: checking for g++
configure:4571: found /usr/bin/g++
configure:4582: result: g++
configure:4609: checking for C++ compiler version
configure:4618: g++ --version >&5
Apple clang version 11.0.0 (clang-1100.0.33.8)
Target: x86_64-apple-darwin18.7.0
Thread model: posix
InstalledDir: /Applications/Xcode.app/Contents/Developer/Toolchains/XcodeDefault.xctoolchain/usr/bin
Configured with: --prefix=/Applications/Xcode.app/Contents/Developer/usr --with-gxx-include-dir=/Library/Developer/CommandLineTools/SDKs/MacOSX.sdk/usr/include/c++/4.2.1
configure:4629: $? = 0
configure:4618: g++ -v >&5
Configured with: --prefix=/Applications/Xcode.app/Contents/Developer/usr --with-gxx-include-dir=/Library/Developer/CommandLineTools/SDKs/MacOSX.sdk/usr/include/c++/4.2.1
Apple clang version 11.0.0 (clang-1100.0.33.8)
Target: x86_64-apple-darwin18.7.0
Thread model: posix
InstalledDir: /Applications/Xcode.app/Contents/Developer/Toolchains/XcodeDefault.xctoolchain/usr/bin
configure:4629: $? = 0
configure:4618: g++ -V >&5
clang: error: unsupported option '-V -Wno-framework-include-private-from-public'
clang: error: no input files
configure:4629: $? = 1
configure:4618: g++ -qversion >&5
clang: error: unknown argument '-qversion', did you mean '--version'?
clang: error: no input files
configure:4629: $? = 1
configure:4633: checking whether we are using the GNU C++ compiler
configure:4652: g++ -c   conftest.cpp >&5
configure:4652: $? = 0
configure:4661: result: yes
configure:4670: checking whether g++ accepts -g
configure:4690: g++ -c -g  conftest.cpp >&5
configure:4690: $? = 0
configure:4731: result: yes
configure:4756: checking dependency style of g++
configure:4867: result: gcc3
configure:4890: checking the location of hash_map
configure:4916: g++ -c -g -O2  conftest.cpp >&5
configure:4916: $? = 0
configure:4938: g++ -c -g -O2  conftest.cpp >&5
configure:4938: $? = 0
configure:5005: result: <unordered_map>
configure:5099: checking how to print strings
configure:5126: result: printf
configure:5147: checking for a sed that does not truncate output
configure:5211: result: /usr/bin/sed
configure:5229: checking for grep that handles long lines and -e
configure:5287: result: /usr/bin/grep
configure:5292: checking for egrep
configure:5354: result: /usr/bin/grep -E
configure:5359: checking for fgrep
configure:5421: result: /usr/bin/grep -F
configure:5456: checking for ld used by gcc
configure:5523: result: /Applications/Xcode.app/Contents/Developer/Toolchains/XcodeDefault.xctoolchain/usr/bin/ld
configure:5530: checking if the linker (/Applications/Xcode.app/Contents/Developer/Toolchains/XcodeDefault.xctoolchain/usr/bin/ld) is GNU ld
configure:5545: result: no
configure:5557: checking for BSD- or MS-compatible name lister (nm)
configure:5611: result: /usr/bin/nm -B
configure:5741: checking the name lister (/usr/bin/nm -B) interface
configure:5748: g++ -c -g -O2  conftest.cpp >&5
configure:5751: /usr/bin/nm -B "conftest.o"
configure:5754: output
0000000000000248 S _some_variable
configure:5761: result: BSD nm
configure:5764: checking whether ln -s works
configure:5768: result: yes
configure:5776: checking the maximum length of command line arguments
configure:5907: result: 196608
configure:5955: checking how to convert x86_64-apple-darwin18.7.0 file names to x86_64-apple-darwin18.7.0 format
configure:5995: result: func_convert_file_noop
configure:6002: checking how to convert x86_64-apple-darwin18.7.0 file names to toolchain format
configure:6022: result: func_convert_file_noop
configure:6029: checking for /Applications/Xcode.app/Contents/Developer/Toolchains/XcodeDefault.xctoolchain/usr/bin/ld option to reload object files
configure:6036: result: -r
configure:6110: checking for objdump
configure:6126: found /usr/bin/objdump
configure:6137: result: objdump
configure:6169: checking how to recognize dependent libraries
configure:6369: result: pass_all
configure:6454: checking for dlltool
configure:6484: result: no
configure:6514: checking how to associate runtime and link libraries
configure:6541: result: printf %s\n
configure:6601: checking for ar
configure:6617: found /usr/bin/ar
configure:6628: result: ar
configure:6665: checking for archiver @FILE support
configure:6682: g++ -c -g -O2  conftest.cpp >&5
configure:6682: $? = 0
configure:6685: ar cru libconftest.a @conftest.lst >&5
ar: @conftest.lst: No such file or directory
configure:6688: $? = 1
configure:6708: result: no
configure:6766: checking for strip
configure:6782: found /usr/bin/strip
configure:6793: result: strip
configure:6865: checking for ranlib
configure:6881: found /usr/bin/ranlib
configure:6892: result: ranlib
configure:6994: checking command to parse /usr/bin/nm -B output from gcc object
configure:7147: g++ -c -g -O2  conftest.cpp >&5
configure:7150: $? = 0
configure:7154: /usr/bin/nm -B conftest.o \| sed -n -e 's/^.*[ ]\([BCDEGRST][BCDEGRST]*\)[ ][ ]*\([_A-Za-z][_A-Za-z0-9]*\)$/\1 \2 \2/p' | sed '/ __gnu_lto/d' \> conftest.nm
configure:7157: $? = 0
cannot find nm_test_var in conftest.nm
configure:7147: g++ -c -g -O2  conftest.cpp >&5
configure:7150: $? = 0
configure:7154: /usr/bin/nm -B conftest.o \| sed -n -e 's/^.*[ ]\([BCDEGRST][BCDEGRST]*\)[ ][ ]*_\([_A-Za-z][_A-Za-z0-9]*\)$/\1 _\2 \2/p' | sed '/ __gnu_lto/d' \> conftest.nm
configure:7157: $? = 0
configure:7223: g++ -o conftest -g -O2   conftest.cpp conftstm.o >&5
configure:7226: $? = 0
configure:7264: result: ok
configure:7311: checking for sysroot
configure:7341: result: no
configure:7348: checking for a working dd
configure:7386: result: /bin/dd
configure:7390: checking how to truncate binary pipes
configure:7405: result: /bin/dd bs=4096 count=1
configure:7735: checking for mt
configure:7765: result: no
configure:7785: checking if : is a manifest tool
configure:7791: : '-?'
configure:7799: result: no
configure:7855: checking for dsymutil
configure:7871: found /usr/bin/dsymutil
configure:7882: result: dsymutil
configure:7947: checking for nmedit
configure:7963: found /usr/bin/nmedit
configure:7974: result: nmedit
configure:8039: checking for lipo
configure:8055: found /usr/bin/lipo
configure:8066: result: lipo
configure:8131: checking for otool
configure:8147: found /usr/bin/otool
configure:8158: result: otool
configure:8223: checking for otool64
configure:8253: result: no
configure:8298: checking for -single_module linker flag
gcc -g -O2  -o libconftest.dylib -dynamiclib -Wl,-single_module conftest.c
configure:8331: result: yes
configure:8334: checking for -exported_symbols_list linker flag
configure:8354: g++ -o conftest -g -O2   -Wl,-exported_symbols_list,conftest.sym conftest.cpp  >&5
configure:8354: $? = 0
configure:8364: result: yes
configure:8367: checking for -force_load linker flag
gcc -g -O2 -c -o conftest.o conftest.c
ar cru libconftest.a conftest.o
ranlib libconftest.a
gcc -g -O2  -o conftest conftest.c -Wl,-force_load,./libconftest.a
configure:8399: result: yes
configure:8476: checking how to run the C preprocessor
configure:8507: gcc -E  conftest.c
configure:8507: $? = 0
configure:8521: gcc -E  conftest.c
conftest.c:20:10: fatal error: 'ac_nonexistent.h' file not found
#include <ac_nonexistent.h>
         ^~~~~~~~~~~~~~~~~~
1 error generated.
configure:8521: $? = 1
configure: failed program was:
| /* confdefs.h */
| #define PACKAGE_NAME "skypat"
| #define PACKAGE_TARNAME "skypat"
| #define PACKAGE_VERSION "bourbon"
| #define PACKAGE_STRING "skypat bourbon"
| #define PACKAGE_BUGREPORT "skypat-dev@@googlegroups.com"
| #define PACKAGE_URL ""
| #define SKYPAT_ON_UNIX 1
| #define SKYPAT_DEFAULT_TARGET_TRIPLE $target
| #define PACKAGE "skypat"
| #define VERSION "bourbon"
| #define HAVE_HASH_MAP 1
| #define HAVE_HASH_SET 1
| #define HASH_MAP_H <unordered_map>
| #define HASH_SET_H <unordered_set>
| #define HASH_NAMESPACE std
| #define HASH_MAP_CLASS unordered_map
| #define HASH_SET_CLASS unordered_set
| /* end confdefs.h.  */
| #include <ac_nonexistent.h>
configure:8546: result: gcc -E
configure:8566: gcc -E  conftest.c
configure:8566: $? = 0
configure:8580: gcc -E  conftest.c
conftest.c:20:10: fatal error: 'ac_nonexistent.h' file not found
#include <ac_nonexistent.h>
         ^~~~~~~~~~~~~~~~~~
1 error generated.
configure:8580: $? = 1
configure: failed program was:
| /* confdefs.h */
| #define PACKAGE_NAME "skypat"
| #define PACKAGE_TARNAME "skypat"
| #define PACKAGE_VERSION "bourbon"
| #define PACKAGE_STRING "skypat bourbon"
| #define PACKAGE_BUGREPORT "skypat-dev@@googlegroups.com"
| #define PACKAGE_URL ""
| #define SKYPAT_ON_UNIX 1
| #define SKYPAT_DEFAULT_TARGET_TRIPLE $target
| #define PACKAGE "skypat"
| #define VERSION "bourbon"
| #define HAVE_HASH_MAP 1
| #define HAVE_HASH_SET 1
| #define HASH_MAP_H <unordered_map>
| #define HASH_SET_H <unordered_set>
| #define HASH_NAMESPACE std
| #define HASH_MAP_CLASS unordered_map
| #define HASH_SET_CLASS unordered_set
| /* end confdefs.h.  */
| #include <ac_nonexistent.h>
configure:8609: checking for ANSI C header files
configure:8629: gcc -c -g -O2  conftest.c >&5
configure:8629: $? = 0
configure:8702: gcc -o conftest -g -O2   conftest.c  >&5
configure:8702: $? = 0
configure:8702: ./conftest
configure:8702: $? = 0
configure:8713: result: yes
configure:8726: checking for sys/types.h
configure:8726: gcc -c -g -O2  conftest.c >&5
configure:8726: $? = 0
configure:8726: result: yes
configure:8726: checking for sys/stat.h
configure:8726: gcc -c -g -O2  conftest.c >&5
configure:8726: $? = 0
configure:8726: result: yes
configure:8726: checking for stdlib.h
configure:8726: gcc -c -g -O2  conftest.c >&5
configure:8726: $? = 0
configure:8726: result: yes
configure:8726: checking for string.h
configure:8726: gcc -c -g -O2  conftest.c >&5
configure:8726: $? = 0
configure:8726: result: yes
configure:8726: checking for memory.h
configure:8726: gcc -c -g -O2  conftest.c >&5
configure:8726: $? = 0
configure:8726: result: yes
configure:8726: checking for strings.h
configure:8726: gcc -c -g -O2  conftest.c >&5
configure:8726: $? = 0
configure:8726: result: yes
configure:8726: checking for inttypes.h
configure:8726: gcc -c -g -O2  conftest.c >&5
configure:8726: $? = 0
configure:8726: result: yes
configure:8726: checking for stdint.h
configure:8726: gcc -c -g -O2  conftest.c >&5
configure:8726: $? = 0
configure:8726: result: yes
configure:8726: checking for unistd.h
configure:8726: gcc -c -g -O2  conftest.c >&5
configure:8726: $? = 0
configure:8726: result: yes
configure:8740: checking for dlfcn.h
configure:8740: gcc -c -g -O2  conftest.c >&5
configure:8740: $? = 0
configure:8740: result: yes
configure:8976: checking for objdir
configure:8991: result: .libs
configure:9251: checking if gcc supports -fno-rtti -fno-exceptions
configure:9269: gcc -c -g -O2  -fno-rtti -fno-exceptions conftest.c >&5
configure:9273: $? = 0
configure:9286: result: yes
configure:9644: checking for gcc option to produce PIC
configure:9651: result: -fno-common -DPIC
configure:9659: checking if gcc PIC flag -fno-common -DPIC works
configure:9677: gcc -c -g -O2  -fno-common -DPIC -DPIC conftest.c >&5
configure:9681: $? = 0
configure:9694: result: yes
configure:9723: checking if gcc static flag -static works
configure:9751: result: no
configure:9766: checking if gcc supports -c -o file.o
configure:9787: gcc -c -g -O2  -o out/conftest2.o conftest.c >&5
configure:9791: $? = 0
configure:9813: result: yes
configure:9821: checking if gcc supports -c -o file.o
configure:9868: result: yes
configure:9901: checking whether the gcc linker (/Applications/Xcode.app/Contents/Developer/Toolchains/XcodeDefault.xctoolchain/usr/bin/ld) supports shared libraries
configure:11160: result: yes
configure:11400: checking dynamic linker characteristics
configure:12218: result: darwin18.7.0 dyld
configure:12340: checking how to hardcode library paths into programs
configure:12365: result: immediate
configure:12913: checking whether stripping libraries is possible
configure:12927: result: yes
configure:12953: checking if libtool supports shared libraries
configure:12955: result: yes
configure:12958: checking whether to build shared libraries
configure:12983: result: yes
configure:12986: checking whether to build static libraries
configure:12990: result: yes
configure:13013: checking how to run the C++ preprocessor
configure:13040: g++ -E  conftest.cpp
configure:13040: $? = 0
configure:13054: g++ -E  conftest.cpp
conftest.cpp:32:10: fatal error: 'ac_nonexistent.h' file not found
#include <ac_nonexistent.h>
         ^~~~~~~~~~~~~~~~~~
1 error generated.
configure:13054: $? = 1
configure: failed program was:
| /* confdefs.h */
| #define PACKAGE_NAME "skypat"
| #define PACKAGE_TARNAME "skypat"
| #define PACKAGE_VERSION "bourbon"
| #define PACKAGE_STRING "skypat bourbon"
| #define PACKAGE_BUGREPORT "skypat-dev@@googlegroups.com"
| #define PACKAGE_URL ""
| #define SKYPAT_ON_UNIX 1
| #define SKYPAT_DEFAULT_TARGET_TRIPLE $target
| #define PACKAGE "skypat"
| #define VERSION "bourbon"
| #define HAVE_HASH_MAP 1
| #define HAVE_HASH_SET 1
| #define HASH_MAP_H <unordered_map>
| #define HASH_SET_H <unordered_set>
| #define HASH_NAMESPACE std
| #define HASH_MAP_CLASS unordered_map
| #define HASH_SET_CLASS unordered_set
| #define STDC_HEADERS 1
| #define HAVE_SYS_TYPES_H 1
| #define HAVE_SYS_STAT_H 1
| #define HAVE_STDLIB_H 1
| #define HAVE_STRING_H 1
| #define HAVE_MEMORY_H 1
| #define HAVE_STRINGS_H 1
| #define HAVE_INTTYPES_H 1
| #define HAVE_STDINT_H 1
| #define HAVE_UNISTD_H 1
| #define HAVE_DLFCN_H 1
| #define LT_OBJDIR ".libs/"
| /* end confdefs.h.  */
| #include <ac_nonexistent.h>
configure:13079: result: g++ -E
configure:13099: g++ -E  conftest.cpp
configure:13099: $? = 0
configure:13113: g++ -E  conftest.cpp
conftest.cpp:32:10: fatal error: 'ac_nonexistent.h' file not found
#include <ac_nonexistent.h>
         ^~~~~~~~~~~~~~~~~~
1 error generated.
configure:13113: $? = 1
configure: failed program was:
| /* confdefs.h */
| #define PACKAGE_NAME "skypat"
| #define PACKAGE_TARNAME "skypat"
| #define PACKAGE_VERSION "bourbon"
| #define PACKAGE_STRING "skypat bourbon"
| #define PACKAGE_BUGREPORT "skypat-dev@@googlegroups.com"
| #define PACKAGE_URL ""
| #define SKYPAT_ON_UNIX 1
| #define SKYPAT_DEFAULT_TARGET_TRIPLE $target
| #define PACKAGE "skypat"
| #define VERSION "bourbon"
| #define HAVE_HASH_MAP 1
| #define HAVE_HASH_SET 1
| #define HASH_MAP_H <unordered_map>
| #define HASH_SET_H <unordered_set>
| #define HASH_NAMESPACE std
| #define HASH_MAP_CLASS unordered_map
| #define HASH_SET_CLASS unordered_set
| #define STDC_HEADERS 1
| #define HAVE_SYS_TYPES_H 1
| #define HAVE_SYS_STAT_H 1
| #define HAVE_STDLIB_H 1
| #define HAVE_STRING_H 1
| #define HAVE_MEMORY_H 1
| #define HAVE_STRINGS_H 1
| #define HAVE_INTTYPES_H 1
| #define HAVE_STDINT_H 1
| #define HAVE_UNISTD_H 1
| #define HAVE_DLFCN_H 1
| #define LT_OBJDIR ".libs/"
| /* end confdefs.h.  */
| #include <ac_nonexistent.h>
configure:13275: checking for ld used by g++
configure:13342: result: /Applications/Xcode.app/Contents/Developer/Toolchains/XcodeDefault.xctoolchain/usr/bin/ld
configure:13349: checking if the linker (/Applications/Xcode.app/Contents/Developer/Toolchains/XcodeDefault.xctoolchain/usr/bin/ld) is GNU ld
configure:13364: result: no
configure:13419: checking whether the g++ linker (/Applications/Xcode.app/Contents/Developer/Toolchains/XcodeDefault.xctoolchain/usr/bin/ld) supports shared libraries
configure:14492: result: yes
configure:14528: g++ -c -g -O2  conftest.cpp >&5
configure:14531: $? = 0
configure:15012: checking for g++ option to produce PIC
configure:15019: result: -fno-common -DPIC
configure:15027: checking if g++ PIC flag -fno-common -DPIC works
configure:15045: g++ -c -g -O2  -fno-common -DPIC -DPIC conftest.cpp >&5
configure:15049: $? = 0
configure:15062: result: yes
configure:15085: checking if g++ static flag -static works
configure:15113: result: no
configure:15125: checking if g++ supports -c -o file.o
configure:15146: g++ -c -g -O2  -o out/conftest2.o conftest.cpp >&5
configure:15150: $? = 0
configure:15172: result: yes
configure:15177: checking if g++ supports -c -o file.o
configure:15224: result: yes
configure:15254: checking whether the g++ linker (/Applications/Xcode.app/Contents/Developer/Toolchains/XcodeDefault.xctoolchain/usr/bin/ld) supports shared libraries
configure:15294: result: yes
configure:15435: checking dynamic linker characteristics
configure:16180: result: darwin18.7.0 dyld
configure:16245: checking how to hardcode library paths into programs
configure:16270: result: immediate
configure:16356: checking if g++ supports -Wno-variadic-macros
configure:16377: g++ -c -Werror -Wno-variadic-macros  conftest.cpp >&5
configure:16377: $? = 0
configure:16378: result: yes
configure:16399: checking sys/time.h usability
configure:16399: g++ -c -g -O2  conftest.cpp >&5
configure:16399: $? = 0
configure:16399: result: yes
configure:16399: checking sys/time.h presence
configure:16399: g++ -E  conftest.cpp
configure:16399: $? = 0
configure:16399: result: yes
configure:16399: checking for sys/time.h
configure:16399: result: yes
configure:16411: checking linux/perf_event.h usability
configure:16411: g++ -c -g -O2  conftest.cpp >&5
conftest.cpp:66:10: fatal error: 'linux/perf_event.h' file not found
#include <linux/perf_event.h>
         ^~~~~~~~~~~~~~~~~~~~
1 error generated.
configure:16411: $? = 1
configure: failed program was:
| /* confdefs.h */
| #define PACKAGE_NAME "skypat"
| #define PACKAGE_TARNAME "skypat"
| #define PACKAGE_VERSION "bourbon"
| #define PACKAGE_STRING "skypat bourbon"
| #define PACKAGE_BUGREPORT "skypat-dev@@googlegroups.com"
| #define PACKAGE_URL ""
| #define SKYPAT_ON_UNIX 1
| #define SKYPAT_DEFAULT_TARGET_TRIPLE $target
| #define PACKAGE "skypat"
| #define VERSION "bourbon"
| #define HAVE_HASH_MAP 1
| #define HAVE_HASH_SET 1
| #define HASH_MAP_H <unordered_map>
| #define HASH_SET_H <unordered_set>
| #define HASH_NAMESPACE std
| #define HASH_MAP_CLASS unordered_map
| #define HASH_SET_CLASS unordered_set
| #define STDC_HEADERS 1
| #define HAVE_SYS_TYPES_H 1
| #define HAVE_SYS_STAT_H 1
| #define HAVE_STDLIB_H 1
| #define HAVE_STRING_H 1
| #define HAVE_MEMORY_H 1
| #define HAVE_STRINGS_H 1
| #define HAVE_INTTYPES_H 1
| #define HAVE_STDINT_H 1
| #define HAVE_UNISTD_H 1
| #define HAVE_DLFCN_H 1
| #define LT_OBJDIR ".libs/"
| #define HAVE_SYS_TIME_H 1
| /* end confdefs.h.  */
| #include <stdio.h>
| #ifdef HAVE_SYS_TYPES_H
| # include <sys/types.h>
| #endif
| #ifdef HAVE_SYS_STAT_H
| # include <sys/stat.h>
| #endif
| #ifdef STDC_HEADERS
| # include <stdlib.h>
| # include <stddef.h>
| #else
| # ifdef HAVE_STDLIB_H
| #  include <stdlib.h>
| # endif
| #endif
| #ifdef HAVE_STRING_H
| # if !defined STDC_HEADERS && defined HAVE_MEMORY_H
| #  include <memory.h>
| # endif
| # include <string.h>
| #endif
| #ifdef HAVE_STRINGS_H
| # include <strings.h>
| #endif
| #ifdef HAVE_INTTYPES_H
| # include <inttypes.h>
| #endif
| #ifdef HAVE_STDINT_H
| # include <stdint.h>
| #endif
| #ifdef HAVE_UNISTD_H
| # include <unistd.h>
| #endif
| #include <linux/perf_event.h>
configure:16411: result: no
configure:16411: checking linux/perf_event.h presence
configure:16411: g++ -E  conftest.cpp
conftest.cpp:33:10: fatal error: 'linux/perf_event.h' file not found
#include <linux/perf_event.h>
         ^~~~~~~~~~~~~~~~~~~~
1 error generated.
configure:16411: $? = 1
configure: failed program was:
| /* confdefs.h */
| #define PACKAGE_NAME "skypat"
| #define PACKAGE_TARNAME "skypat"
| #define PACKAGE_VERSION "bourbon"
| #define PACKAGE_STRING "skypat bourbon"
| #define PACKAGE_BUGREPORT "skypat-dev@@googlegroups.com"
| #define PACKAGE_URL ""
| #define SKYPAT_ON_UNIX 1
| #define SKYPAT_DEFAULT_TARGET_TRIPLE $target
| #define PACKAGE "skypat"
| #define VERSION "bourbon"
| #define HAVE_HASH_MAP 1
| #define HAVE_HASH_SET 1
| #define HASH_MAP_H <unordered_map>
| #define HASH_SET_H <unordered_set>
| #define HASH_NAMESPACE std
| #define HASH_MAP_CLASS unordered_map
| #define HASH_SET_CLASS unordered_set
| #define STDC_HEADERS 1
| #define HAVE_SYS_TYPES_H 1
| #define HAVE_SYS_STAT_H 1
| #define HAVE_STDLIB_H 1
| #define HAVE_STRING_H 1
| #define HAVE_MEMORY_H 1
| #define HAVE_STRINGS_H 1
| #define HAVE_INTTYPES_H 1
| #define HAVE_STDINT_H 1
| #define HAVE_UNISTD_H 1
| #define HAVE_DLFCN_H 1
| #define LT_OBJDIR ".libs/"
| #define HAVE_SYS_TIME_H 1
| /* end confdefs.h.  */
| #include <linux/perf_event.h>
configure:16411: result: no
configure:16411: checking for linux/perf_event.h
configure:16411: result: no
configure:16423: checking asm/unistd.h usability
configure:16423: g++ -c -g -O2  conftest.cpp >&5
conftest.cpp:66:10: fatal error: 'asm/unistd.h' file not found
#include <asm/unistd.h>
         ^~~~~~~~~~~~~~
1 error generated.
configure:16423: $? = 1
configure: failed program was:
| /* confdefs.h */
| #define PACKAGE_NAME "skypat"
| #define PACKAGE_TARNAME "skypat"
| #define PACKAGE_VERSION "bourbon"
| #define PACKAGE_STRING "skypat bourbon"
| #define PACKAGE_BUGREPORT "skypat-dev@@googlegroups.com"
| #define PACKAGE_URL ""
| #define SKYPAT_ON_UNIX 1
| #define SKYPAT_DEFAULT_TARGET_TRIPLE $target
| #define PACKAGE "skypat"
| #define VERSION "bourbon"
| #define HAVE_HASH_MAP 1
| #define HAVE_HASH_SET 1
| #define HASH_MAP_H <unordered_map>
| #define HASH_SET_H <unordered_set>
| #define HASH_NAMESPACE std
| #define HASH_MAP_CLASS unordered_map
| #define HASH_SET_CLASS unordered_set
| #define STDC_HEADERS 1
| #define HAVE_SYS_TYPES_H 1
| #define HAVE_SYS_STAT_H 1
| #define HAVE_STDLIB_H 1
| #define HAVE_STRING_H 1
| #define HAVE_MEMORY_H 1
| #define HAVE_STRINGS_H 1
| #define HAVE_INTTYPES_H 1
| #define HAVE_STDINT_H 1
| #define HAVE_UNISTD_H 1
| #define HAVE_DLFCN_H 1
| #define LT_OBJDIR ".libs/"
| #define HAVE_SYS_TIME_H 1
| /* end confdefs.h.  */
| #include <stdio.h>
| #ifdef HAVE_SYS_TYPES_H
| # include <sys/types.h>
| #endif
| #ifdef HAVE_SYS_STAT_H
| # include <sys/stat.h>
| #endif
| #ifdef STDC_HEADERS
| # include <stdlib.h>
| # include <stddef.h>
| #else
| # ifdef HAVE_STDLIB_H
| #  include <stdlib.h>
| # endif
| #endif
| #ifdef HAVE_STRING_H
| # if !defined STDC_HEADERS && defined HAVE_MEMORY_H
| #  include <memory.h>
| # endif
| # include <string.h>
| #endif
| #ifdef HAVE_STRINGS_H
| # include <strings.h>
| #endif
| #ifdef HAVE_INTTYPES_H
| # include <inttypes.h>
| #endif
| #ifdef HAVE_STDINT_H
| # include <stdint.h>
| #endif
| #ifdef HAVE_UNISTD_H
| # include <unistd.h>
| #endif
| #include <asm/unistd.h>
configure:16423: result: no
configure:16423: checking asm/unistd.h presence
configure:16423: g++ -E  conftest.cpp
conftest.cpp:33:10: fatal error: 'asm/unistd.h' file not found
#include <asm/unistd.h>
         ^~~~~~~~~~~~~~
1 error generated.
configure:16423: $? = 1
configure: failed program was:
| /* confdefs.h */
| #define PACKAGE_NAME "skypat"
| #define PACKAGE_TARNAME "skypat"
| #define PACKAGE_VERSION "bourbon"
| #define PACKAGE_STRING "skypat bourbon"
| #define PACKAGE_BUGREPORT "skypat-dev@@googlegroups.com"
| #define PACKAGE_URL ""
| #define SKYPAT_ON_UNIX 1
| #define SKYPAT_DEFAULT_TARGET_TRIPLE $target
| #define PACKAGE "skypat"
| #define VERSION "bourbon"
| #define HAVE_HASH_MAP 1
| #define HAVE_HASH_SET 1
| #define HASH_MAP_H <unordered_map>
| #define HASH_SET_H <unordered_set>
| #define HASH_NAMESPACE std
| #define HASH_MAP_CLASS unordered_map
| #define HASH_SET_CLASS unordered_set
| #define STDC_HEADERS 1
| #define HAVE_SYS_TYPES_H 1
| #define HAVE_SYS_STAT_H 1
| #define HAVE_STDLIB_H 1
| #define HAVE_STRING_H 1
| #define HAVE_MEMORY_H 1
| #define HAVE_STRINGS_H 1
| #define HAVE_INTTYPES_H 1
| #define HAVE_STDINT_H 1
| #define HAVE_UNISTD_H 1
| #define HAVE_DLFCN_H 1
| #define LT_OBJDIR ".libs/"
| #define HAVE_SYS_TIME_H 1
| /* end confdefs.h.  */
| #include <asm/unistd.h>
configure:16423: result: no
configure:16423: checking for asm/unistd.h
configure:16423: result: no
configure:16436: checking for library containing clock_gettime
configure:16467: g++ -o conftest -g -O2   conftest.cpp  >&5
configure:16467: $? = 0
configure:16484: result: none required
configure:16498: checking for gettimeofday
configure:16498: g++ -o conftest -g -O2   conftest.cpp  >&5
configure:16498: $? = 0
configure:16498: result: yes
configure:16510: checking for int8_t
configure:16510: g++ -c -g -O2  conftest.cpp >&5
configure:16510: $? = 0
configure:16510: g++ -c -g -O2  conftest.cpp >&5
conftest.cpp:71:21: error: expected expression
if (sizeof ((int8_t)))
                    ^
1 error generated.
configure:16510: $? = 1
configure: failed program was:
| /* confdefs.h */
| #define PACKAGE_NAME "skypat"
| #define PACKAGE_TARNAME "skypat"
| #define PACKAGE_VERSION "bourbon"
| #define PACKAGE_STRING "skypat bourbon"
| #define PACKAGE_BUGREPORT "skypat-dev@@googlegroups.com"
| #define PACKAGE_URL ""
| #define SKYPAT_ON_UNIX 1
| #define SKYPAT_DEFAULT_TARGET_TRIPLE $target
| #define PACKAGE "skypat"
| #define VERSION "bourbon"
| #define HAVE_HASH_MAP 1
| #define HAVE_HASH_SET 1
| #define HASH_MAP_H <unordered_map>
| #define HASH_SET_H <unordered_set>
| #define HASH_NAMESPACE std
| #define HASH_MAP_CLASS unordered_map
| #define HASH_SET_CLASS unordered_set
| #define STDC_HEADERS 1
| #define HAVE_SYS_TYPES_H 1
| #define HAVE_SYS_STAT_H 1
| #define HAVE_STDLIB_H 1
| #define HAVE_STRING_H 1
| #define HAVE_MEMORY_H 1
| #define HAVE_STRINGS_H 1
| #define HAVE_INTTYPES_H 1
| #define HAVE_STDINT_H 1
| #define HAVE_UNISTD_H 1
| #define HAVE_DLFCN_H 1
| #define LT_OBJDIR ".libs/"
| #define HAVE_SYS_TIME_H 1
| #define HAVE_CLOCK_GETTIME 1
| #define HAVE_GETTIMEOFDAY 1
| /* end confdefs.h.  */
| #include <stdio.h>
| #ifdef HAVE_SYS_TYPES_H
| # include <sys/types.h>
| #endif
| #ifdef HAVE_SYS_STAT_H
| # include <sys/stat.h>
| #endif
| #ifdef STDC_HEADERS
| # include <stdlib.h>
| # include <stddef.h>
| #else
| # ifdef HAVE_STDLIB_H
| #  include <stdlib.h>
| # endif
| #endif
| #ifdef HAVE_STRING_H
| # if !defined STDC_HEADERS && defined HAVE_MEMORY_H
| #  include <memory.h>
| # endif
| # include <string.h>
| #endif
| #ifdef HAVE_STRINGS_H
| # include <strings.h>
| #endif
| #ifdef HAVE_INTTYPES_H
| # include <inttypes.h>
| #endif
| #ifdef HAVE_STDINT_H
| # include <stdint.h>
| #endif
| #ifdef HAVE_UNISTD_H
| # include <unistd.h>
| #endif
| int
| main ()
| {
| if (sizeof ((int8_t)))
| 	    return 0;
|   ;
|   return 0;
| }
configure:16510: result: yes
configure:16519: checking for int16_t
configure:16519: g++ -c -g -O2  conftest.cpp >&5
configure:16519: $? = 0
configure:16519: g++ -c -g -O2  conftest.cpp >&5
conftest.cpp:72:22: error: expected expression
if (sizeof ((int16_t)))
                     ^
1 error generated.
configure:16519: $? = 1
configure: failed program was:
| /* confdefs.h */
| #define PACKAGE_NAME "skypat"
| #define PACKAGE_TARNAME "skypat"
| #define PACKAGE_VERSION "bourbon"
| #define PACKAGE_STRING "skypat bourbon"
| #define PACKAGE_BUGREPORT "skypat-dev@@googlegroups.com"
| #define PACKAGE_URL ""
| #define SKYPAT_ON_UNIX 1
| #define SKYPAT_DEFAULT_TARGET_TRIPLE $target
| #define PACKAGE "skypat"
| #define VERSION "bourbon"
| #define HAVE_HASH_MAP 1
| #define HAVE_HASH_SET 1
| #define HASH_MAP_H <unordered_map>
| #define HASH_SET_H <unordered_set>
| #define HASH_NAMESPACE std
| #define HASH_MAP_CLASS unordered_map
| #define HASH_SET_CLASS unordered_set
| #define STDC_HEADERS 1
| #define HAVE_SYS_TYPES_H 1
| #define HAVE_SYS_STAT_H 1
| #define HAVE_STDLIB_H 1
| #define HAVE_STRING_H 1
| #define HAVE_MEMORY_H 1
| #define HAVE_STRINGS_H 1
| #define HAVE_INTTYPES_H 1
| #define HAVE_STDINT_H 1
| #define HAVE_UNISTD_H 1
| #define HAVE_DLFCN_H 1
| #define LT_OBJDIR ".libs/"
| #define HAVE_SYS_TIME_H 1
| #define HAVE_CLOCK_GETTIME 1
| #define HAVE_GETTIMEOFDAY 1
| #define HAVE_INT8_T 1
| /* end confdefs.h.  */
| #include <stdio.h>
| #ifdef HAVE_SYS_TYPES_H
| # include <sys/types.h>
| #endif
| #ifdef HAVE_SYS_STAT_H
| # include <sys/stat.h>
| #endif
| #ifdef STDC_HEADERS
| # include <stdlib.h>
| # include <stddef.h>
| #else
| # ifdef HAVE_STDLIB_H
| #  include <stdlib.h>
| # endif
| #endif
| #ifdef HAVE_STRING_H
| # if !defined STDC_HEADERS && defined HAVE_MEMORY_H
| #  include <memory.h>
| # endif
| # include <string.h>
| #endif
| #ifdef HAVE_STRINGS_H
| # include <strings.h>
| #endif
| #ifdef HAVE_INTTYPES_H
| # include <inttypes.h>
| #endif
| #ifdef HAVE_STDINT_H
| # include <stdint.h>
| #endif
| #ifdef HAVE_UNISTD_H
| # include <unistd.h>
| #endif
| int
| main ()
| {
| if (sizeof ((int16_t)))
| 	    return 0;
|   ;
|   return 0;
| }
configure:16519: result: yes
configure:16528: checking for int32_t
configure:16528: g++ -c -g -O2  conftest.cpp >&5
configure:16528: $? = 0
configure:16528: g++ -c -g -O2  conftest.cpp >&5
conftest.cpp:73:22: error: expected expression
if (sizeof ((int32_t)))
                     ^
1 error generated.
configure:16528: $? = 1
configure: failed program was:
| /* confdefs.h */
| #define PACKAGE_NAME "skypat"
| #define PACKAGE_TARNAME "skypat"
| #define PACKAGE_VERSION "bourbon"
| #define PACKAGE_STRING "skypat bourbon"
| #define PACKAGE_BUGREPORT "skypat-dev@@googlegroups.com"
| #define PACKAGE_URL ""
| #define SKYPAT_ON_UNIX 1
| #define SKYPAT_DEFAULT_TARGET_TRIPLE $target
| #define PACKAGE "skypat"
| #define VERSION "bourbon"
| #define HAVE_HASH_MAP 1
| #define HAVE_HASH_SET 1
| #define HASH_MAP_H <unordered_map>
| #define HASH_SET_H <unordered_set>
| #define HASH_NAMESPACE std
| #define HASH_MAP_CLASS unordered_map
| #define HASH_SET_CLASS unordered_set
| #define STDC_HEADERS 1
| #define HAVE_SYS_TYPES_H 1
| #define HAVE_SYS_STAT_H 1
| #define HAVE_STDLIB_H 1
| #define HAVE_STRING_H 1
| #define HAVE_MEMORY_H 1
| #define HAVE_STRINGS_H 1
| #define HAVE_INTTYPES_H 1
| #define HAVE_STDINT_H 1
| #define HAVE_UNISTD_H 1
| #define HAVE_DLFCN_H 1
| #define LT_OBJDIR ".libs/"
| #define HAVE_SYS_TIME_H 1
| #define HAVE_CLOCK_GETTIME 1
| #define HAVE_GETTIMEOFDAY 1
| #define HAVE_INT8_T 1
| #define HAVE_INT16_T 1
| /* end confdefs.h.  */
| #include <stdio.h>
| #ifdef HAVE_SYS_TYPES_H
| # include <sys/types.h>
| #endif
| #ifdef HAVE_SYS_STAT_H
| # include <sys/stat.h>
| #endif
| #ifdef STDC_HEADERS
| # include <stdlib.h>
| # include <stddef.h>
| #else
| # ifdef HAVE_STDLIB_H
| #  include <stdlib.h>
| # endif
| #endif
| #ifdef HAVE_STRING_H
| # if !defined STDC_HEADERS && defined HAVE_MEMORY_H
| #  include <memory.h>
| # endif
| # include <string.h>
| #endif
| #ifdef HAVE_STRINGS_H
| # include <strings.h>
| #endif
| #ifdef HAVE_INTTYPES_H
| # include <inttypes.h>
| #endif
| #ifdef HAVE_STDINT_H
| # include <stdint.h>
| #endif
| #ifdef HAVE_UNISTD_H
| # include <unistd.h>
| #endif
| int
| main ()
| {
| if (sizeof ((int32_t)))
| 	    return 0;
|   ;
|   return 0;
| }
configure:16528: result: yes
configure:16537: checking for int64_t
configure:16537: g++ -c -g -O2  conftest.cpp >&5
configure:16537: $? = 0
configure:16537: g++ -c -g -O2  conftest.cpp >&5
conftest.cpp:74:22: error: expected expression
if (sizeof ((int64_t)))
                     ^
1 error generated.
configure:16537: $? = 1
configure: failed program was:
| /* confdefs.h */
| #define PACKAGE_NAME "skypat"
| #define PACKAGE_TARNAME "skypat"
| #define PACKAGE_VERSION "bourbon"
| #define PACKAGE_STRING "skypat bourbon"
| #define PACKAGE_BUGREPORT "skypat-dev@@googlegroups.com"
| #define PACKAGE_URL ""
| #define SKYPAT_ON_UNIX 1
| #define SKYPAT_DEFAULT_TARGET_TRIPLE $target
| #define PACKAGE "skypat"
| #define VERSION "bourbon"
| #define HAVE_HASH_MAP 1
| #define HAVE_HASH_SET 1
| #define HASH_MAP_H <unordered_map>
| #define HASH_SET_H <unordered_set>
| #define HASH_NAMESPACE std
| #define HASH_MAP_CLASS unordered_map
| #define HASH_SET_CLASS unordered_set
| #define STDC_HEADERS 1
| #define HAVE_SYS_TYPES_H 1
| #define HAVE_SYS_STAT_H 1
| #define HAVE_STDLIB_H 1
| #define HAVE_STRING_H 1
| #define HAVE_MEMORY_H 1
| #define HAVE_STRINGS_H 1
| #define HAVE_INTTYPES_H 1
| #define HAVE_STDINT_H 1
| #define HAVE_UNISTD_H 1
| #define HAVE_DLFCN_H 1
| #define LT_OBJDIR ".libs/"
| #define HAVE_SYS_TIME_H 1
| #define HAVE_CLOCK_GETTIME 1
| #define HAVE_GETTIMEOFDAY 1
| #define HAVE_INT8_T 1
| #define HAVE_INT16_T 1
| #define HAVE_INT32_T 1
| /* end confdefs.h.  */
| #include <stdio.h>
| #ifdef HAVE_SYS_TYPES_H
| # include <sys/types.h>
| #endif
| #ifdef HAVE_SYS_STAT_H
| # include <sys/stat.h>
| #endif
| #ifdef STDC_HEADERS
| # include <stdlib.h>
| # include <stddef.h>
| #else
| # ifdef HAVE_STDLIB_H
| #  include <stdlib.h>
| # endif
| #endif
| #ifdef HAVE_STRING_H
| # if !defined STDC_HEADERS && defined HAVE_MEMORY_H
| #  include <memory.h>
| # endif
| # include <string.h>
| #endif
| #ifdef HAVE_STRINGS_H
| # include <strings.h>
| #endif
| #ifdef HAVE_INTTYPES_H
| # include <inttypes.h>
| #endif
| #ifdef HAVE_STDINT_H
| # include <stdint.h>
| #endif
| #ifdef HAVE_UNISTD_H
| # include <unistd.h>
| #endif
| int
| main ()
| {
| if (sizeof ((int64_t)))
| 	    return 0;
|   ;
|   return 0;
| }
configure:16537: result: yes
configure:16546: checking for intptr_t
configure:16546: g++ -c -g -O2  conftest.cpp >&5
configure:16546: $? = 0
configure:16546: g++ -c -g -O2  conftest.cpp >&5
conftest.cpp:75:23: error: expected expression
if (sizeof ((intptr_t)))
                      ^
1 error generated.
configure:16546: $? = 1
configure: failed program was:
| /* confdefs.h */
| #define PACKAGE_NAME "skypat"
| #define PACKAGE_TARNAME "skypat"
| #define PACKAGE_VERSION "bourbon"
| #define PACKAGE_STRING "skypat bourbon"
| #define PACKAGE_BUGREPORT "skypat-dev@@googlegroups.com"
| #define PACKAGE_URL ""
| #define SKYPAT_ON_UNIX 1
| #define SKYPAT_DEFAULT_TARGET_TRIPLE $target
| #define PACKAGE "skypat"
| #define VERSION "bourbon"
| #define HAVE_HASH_MAP 1
| #define HAVE_HASH_SET 1
| #define HASH_MAP_H <unordered_map>
| #define HASH_SET_H <unordered_set>
| #define HASH_NAMESPACE std
| #define HASH_MAP_CLASS unordered_map
| #define HASH_SET_CLASS unordered_set
| #define STDC_HEADERS 1
| #define HAVE_SYS_TYPES_H 1
| #define HAVE_SYS_STAT_H 1
| #define HAVE_STDLIB_H 1
| #define HAVE_STRING_H 1
| #define HAVE_MEMORY_H 1
| #define HAVE_STRINGS_H 1
| #define HAVE_INTTYPES_H 1
| #define HAVE_STDINT_H 1
| #define HAVE_UNISTD_H 1
| #define HAVE_DLFCN_H 1
| #define LT_OBJDIR ".libs/"
| #define HAVE_SYS_TIME_H 1
| #define HAVE_CLOCK_GETTIME 1
| #define HAVE_GETTIMEOFDAY 1
| #define HAVE_INT8_T 1
| #define HAVE_INT16_T 1
| #define HAVE_INT32_T 1
| #define HAVE_INT64_T 1
| /* end confdefs.h.  */
| #include <stdio.h>
| #ifdef HAVE_SYS_TYPES_H
| # include <sys/types.h>
| #endif
| #ifdef HAVE_SYS_STAT_H
| # include <sys/stat.h>
| #endif
| #ifdef STDC_HEADERS
| # include <stdlib.h>
| # include <stddef.h>
| #else
| # ifdef HAVE_STDLIB_H
| #  include <stdlib.h>
| # endif
| #endif
| #ifdef HAVE_STRING_H
| # if !defined STDC_HEADERS && defined HAVE_MEMORY_H
| #  include <memory.h>
| # endif
| # include <string.h>
| #endif
| #ifdef HAVE_STRINGS_H
| # include <strings.h>
| #endif
| #ifdef HAVE_INTTYPES_H
| # include <inttypes.h>
| #endif
| #ifdef HAVE_STDINT_H
| # include <stdint.h>
| #endif
| #ifdef HAVE_UNISTD_H
| # include <unistd.h>
| #endif
| int
| main ()
| {
| if (sizeof ((intptr_t)))
| 	    return 0;
|   ;
|   return 0;
| }
configure:16546: result: yes
configure:16556: checking for uint8_t
configure:16556: g++ -c -g -O2  conftest.cpp >&5
configure:16556: $? = 0
configure:16556: g++ -c -g -O2  conftest.cpp >&5
conftest.cpp:76:22: error: expected expression
if (sizeof ((uint8_t)))
                     ^
1 error generated.
configure:16556: $? = 1
configure: failed program was:
| /* confdefs.h */
| #define PACKAGE_NAME "skypat"
| #define PACKAGE_TARNAME "skypat"
| #define PACKAGE_VERSION "bourbon"
| #define PACKAGE_STRING "skypat bourbon"
| #define PACKAGE_BUGREPORT "skypat-dev@@googlegroups.com"
| #define PACKAGE_URL ""
| #define SKYPAT_ON_UNIX 1
| #define SKYPAT_DEFAULT_TARGET_TRIPLE $target
| #define PACKAGE "skypat"
| #define VERSION "bourbon"
| #define HAVE_HASH_MAP 1
| #define HAVE_HASH_SET 1
| #define HASH_MAP_H <unordered_map>
| #define HASH_SET_H <unordered_set>
| #define HASH_NAMESPACE std
| #define HASH_MAP_CLASS unordered_map
| #define HASH_SET_CLASS unordered_set
| #define STDC_HEADERS 1
| #define HAVE_SYS_TYPES_H 1
| #define HAVE_SYS_STAT_H 1
| #define HAVE_STDLIB_H 1
| #define HAVE_STRING_H 1
| #define HAVE_MEMORY_H 1
| #define HAVE_STRINGS_H 1
| #define HAVE_INTTYPES_H 1
| #define HAVE_STDINT_H 1
| #define HAVE_UNISTD_H 1
| #define HAVE_DLFCN_H 1
| #define LT_OBJDIR ".libs/"
| #define HAVE_SYS_TIME_H 1
| #define HAVE_CLOCK_GETTIME 1
| #define HAVE_GETTIMEOFDAY 1
| #define HAVE_INT8_T 1
| #define HAVE_INT16_T 1
| #define HAVE_INT32_T 1
| #define HAVE_INT64_T 1
| #define HAVE_INTPTR_T 1
| /* end confdefs.h.  */
| #include <stdio.h>
| #ifdef HAVE_SYS_TYPES_H
| # include <sys/types.h>
| #endif
| #ifdef HAVE_SYS_STAT_H
| # include <sys/stat.h>
| #endif
| #ifdef STDC_HEADERS
| # include <stdlib.h>
| # include <stddef.h>
| #else
| # ifdef HAVE_STDLIB_H
| #  include <stdlib.h>
| # endif
| #endif
| #ifdef HAVE_STRING_H
| # if !defined STDC_HEADERS && defined HAVE_MEMORY_H
| #  include <memory.h>
| # endif
| # include <string.h>
| #endif
| #ifdef HAVE_STRINGS_H
| # include <strings.h>
| #endif
| #ifdef HAVE_INTTYPES_H
| # include <inttypes.h>
| #endif
| #ifdef HAVE_STDINT_H
| # include <stdint.h>
| #endif
| #ifdef HAVE_UNISTD_H
| # include <unistd.h>
| #endif
| int
| main ()
| {
| if (sizeof ((uint8_t)))
| 	    return 0;
|   ;
|   return 0;
| }
configure:16556: result: yes
configure:16565: checking for uint16_t
configure:16565: g++ -c -g -O2  conftest.cpp >&5
configure:16565: $? = 0
configure:16565: g++ -c -g -O2  conftest.cpp >&5
conftest.cpp:77:23: error: expected expression
if (sizeof ((uint16_t)))
                      ^
1 error generated.
configure:16565: $? = 1
configure: failed program was:
| /* confdefs.h */
| #define PACKAGE_NAME "skypat"
| #define PACKAGE_TARNAME "skypat"
| #define PACKAGE_VERSION "bourbon"
| #define PACKAGE_STRING "skypat bourbon"
| #define PACKAGE_BUGREPORT "skypat-dev@@googlegroups.com"
| #define PACKAGE_URL ""
| #define SKYPAT_ON_UNIX 1
| #define SKYPAT_DEFAULT_TARGET_TRIPLE $target
| #define PACKAGE "skypat"
| #define VERSION "bourbon"
| #define HAVE_HASH_MAP 1
| #define HAVE_HASH_SET 1
| #define HASH_MAP_H <unordered_map>
| #define HASH_SET_H <unordered_set>
| #define HASH_NAMESPACE std
| #define HASH_MAP_CLASS unordered_map
| #define HASH_SET_CLASS unordered_set
| #define STDC_HEADERS 1
| #define HAVE_SYS_TYPES_H 1
| #define HAVE_SYS_STAT_H 1
| #define HAVE_STDLIB_H 1
| #define HAVE_STRING_H 1
| #define HAVE_MEMORY_H 1
| #define HAVE_STRINGS_H 1
| #define HAVE_INTTYPES_H 1
| #define HAVE_STDINT_H 1
| #define HAVE_UNISTD_H 1
| #define HAVE_DLFCN_H 1
| #define LT_OBJDIR ".libs/"
| #define HAVE_SYS_TIME_H 1
| #define HAVE_CLOCK_GETTIME 1
| #define HAVE_GETTIMEOFDAY 1
| #define HAVE_INT8_T 1
| #define HAVE_INT16_T 1
| #define HAVE_INT32_T 1
| #define HAVE_INT64_T 1
| #define HAVE_INTPTR_T 1
| #define HAVE_UINT8_T 1
| /* end confdefs.h.  */
| #include <stdio.h>
| #ifdef HAVE_SYS_TYPES_H
| # include <sys/types.h>
| #endif
| #ifdef HAVE_SYS_STAT_H
| # include <sys/stat.h>
| #endif
| #ifdef STDC_HEADERS
| # include <stdlib.h>
| # include <stddef.h>
| #else
| # ifdef HAVE_STDLIB_H
| #  include <stdlib.h>
| # endif
| #endif
| #ifdef HAVE_STRING_H
| # if !defined STDC_HEADERS && defined HAVE_MEMORY_H
| #  include <memory.h>
| # endif
| # include <string.h>
| #endif
| #ifdef HAVE_STRINGS_H
| # include <strings.h>
| #endif
| #ifdef HAVE_INTTYPES_H
| # include <inttypes.h>
| #endif
| #ifdef HAVE_STDINT_H
| # include <stdint.h>
| #endif
| #ifdef HAVE_UNISTD_H
| # include <unistd.h>
| #endif
| int
| main ()
| {
| if (sizeof ((uint16_t)))
| 	    return 0;
|   ;
|   return 0;
| }
configure:16565: result: yes
configure:16574: checking for uint32_t
configure:16574: g++ -c -g -O2  conftest.cpp >&5
configure:16574: $? = 0
configure:16574: g++ -c -g -O2  conftest.cpp >&5
conftest.cpp:78:23: error: expected expression
if (sizeof ((uint32_t)))
                      ^
1 error generated.
configure:16574: $? = 1
configure: failed program was:
| /* confdefs.h */
| #define PACKAGE_NAME "skypat"
| #define PACKAGE_TARNAME "skypat"
| #define PACKAGE_VERSION "bourbon"
| #define PACKAGE_STRING "skypat bourbon"
| #define PACKAGE_BUGREPORT "skypat-dev@@googlegroups.com"
| #define PACKAGE_URL ""
| #define SKYPAT_ON_UNIX 1
| #define SKYPAT_DEFAULT_TARGET_TRIPLE $target
| #define PACKAGE "skypat"
| #define VERSION "bourbon"
| #define HAVE_HASH_MAP 1
| #define HAVE_HASH_SET 1
| #define HASH_MAP_H <unordered_map>
| #define HASH_SET_H <unordered_set>
| #define HASH_NAMESPACE std
| #define HASH_MAP_CLASS unordered_map
| #define HASH_SET_CLASS unordered_set
| #define STDC_HEADERS 1
| #define HAVE_SYS_TYPES_H 1
| #define HAVE_SYS_STAT_H 1
| #define HAVE_STDLIB_H 1
| #define HAVE_STRING_H 1
| #define HAVE_MEMORY_H 1
| #define HAVE_STRINGS_H 1
| #define HAVE_INTTYPES_H 1
| #define HAVE_STDINT_H 1
| #define HAVE_UNISTD_H 1
| #define HAVE_DLFCN_H 1
| #define LT_OBJDIR ".libs/"
| #define HAVE_SYS_TIME_H 1
| #define HAVE_CLOCK_GETTIME 1
| #define HAVE_GETTIMEOFDAY 1
| #define HAVE_INT8_T 1
| #define HAVE_INT16_T 1
| #define HAVE_INT32_T 1
| #define HAVE_INT64_T 1
| #define HAVE_INTPTR_T 1
| #define HAVE_UINT8_T 1
| #define HAVE_UINT16_T 1
| /* end confdefs.h.  */
| #include <stdio.h>
| #ifdef HAVE_SYS_TYPES_H
| # include <sys/types.h>
| #endif
| #ifdef HAVE_SYS_STAT_H
| # include <sys/stat.h>
| #endif
| #ifdef STDC_HEADERS
| # include <stdlib.h>
| # include <stddef.h>
| #else
| # ifdef HAVE_STDLIB_H
| #  include <stdlib.h>
| # endif
| #endif
| #ifdef HAVE_STRING_H
| # if !defined STDC_HEADERS && defined HAVE_MEMORY_H
| #  include <memory.h>
| # endif
| # include <string.h>
| #endif
| #ifdef HAVE_STRINGS_H
| # include <strings.h>
| #endif
| #ifdef HAVE_INTTYPES_H
| # include <inttypes.h>
| #endif
| #ifdef HAVE_STDINT_H
| # include <stdint.h>
| #endif
| #ifdef HAVE_UNISTD_H
| # include <unistd.h>
| #endif
| int
| main ()
| {
| if (sizeof ((uint32_t)))
| 	    return 0;
|   ;
|   return 0;
| }
configure:16574: result: yes
configure:16583: checking for uint64_t
configure:16583: g++ -c -g -O2  conftest.cpp >&5
configure:16583: $? = 0
configure:16583: g++ -c -g -O2  conftest.cpp >&5
conftest.cpp:79:23: error: expected expression
if (sizeof ((uint64_t)))
                      ^
1 error generated.
configure:16583: $? = 1
configure: failed program was:
| /* confdefs.h */
| #define PACKAGE_NAME "skypat"
| #define PACKAGE_TARNAME "skypat"
| #define PACKAGE_VERSION "bourbon"
| #define PACKAGE_STRING "skypat bourbon"
| #define PACKAGE_BUGREPORT "skypat-dev@@googlegroups.com"
| #define PACKAGE_URL ""
| #define SKYPAT_ON_UNIX 1
| #define SKYPAT_DEFAULT_TARGET_TRIPLE $target
| #define PACKAGE "skypat"
| #define VERSION "bourbon"
| #define HAVE_HASH_MAP 1
| #define HAVE_HASH_SET 1
| #define HASH_MAP_H <unordered_map>
| #define HASH_SET_H <unordered_set>
| #define HASH_NAMESPACE std
| #define HASH_MAP_CLASS unordered_map
| #define HASH_SET_CLASS unordered_set
| #define STDC_HEADERS 1
| #define HAVE_SYS_TYPES_H 1
| #define HAVE_SYS_STAT_H 1
| #define HAVE_STDLIB_H 1
| #define HAVE_STRING_H 1
| #define HAVE_MEMORY_H 1
| #define HAVE_STRINGS_H 1
| #define HAVE_INTTYPES_H 1
| #define HAVE_STDINT_H 1
| #define HAVE_UNISTD_H 1
| #define HAVE_DLFCN_H 1
| #define LT_OBJDIR ".libs/"
| #define HAVE_SYS_TIME_H 1
| #define HAVE_CLOCK_GETTIME 1
| #define HAVE_GETTIMEOFDAY 1
| #define HAVE_INT8_T 1
| #define HAVE_INT16_T 1
| #define HAVE_INT32_T 1
| #define HAVE_INT64_T 1
| #define HAVE_INTPTR_T 1
| #define HAVE_UINT8_T 1
| #define HAVE_UINT16_T 1
| #define HAVE_UINT32_T 1
| /* end confdefs.h.  */
| #include <stdio.h>
| #ifdef HAVE_SYS_TYPES_H
| # include <sys/types.h>
| #endif
| #ifdef HAVE_SYS_STAT_H
| # include <sys/stat.h>
| #endif
| #ifdef STDC_HEADERS
| # include <stdlib.h>
| # include <stddef.h>
| #else
| # ifdef HAVE_STDLIB_H
| #  include <stdlib.h>
| # endif
| #endif
| #ifdef HAVE_STRING_H
| # if !defined STDC_HEADERS && defined HAVE_MEMORY_H
| #  include <memory.h>
| # endif
| # include <string.h>
| #endif
| #ifdef HAVE_STRINGS_H
| # include <strings.h>
| #endif
| #ifdef HAVE_INTTYPES_H
| # include <inttypes.h>
| #endif
| #ifdef HAVE_STDINT_H
| # include <stdint.h>
| #endif
| #ifdef HAVE_UNISTD_H
| # include <unistd.h>
| #endif
| int
| main ()
| {
| if (sizeof ((uint64_t)))
| 	    return 0;
|   ;
|   return 0;
| }
configure:16583: result: yes
configure:16592: checking for uintptr_t
configure:16592: g++ -c -g -O2  conftest.cpp >&5
configure:16592: $? = 0
configure:16592: g++ -c -g -O2  conftest.cpp >&5
conftest.cpp:80:24: error: expected expression
if (sizeof ((uintptr_t)))
                       ^
1 error generated.
configure:16592: $? = 1
configure: failed program was:
| /* confdefs.h */
| #define PACKAGE_NAME "skypat"
| #define PACKAGE_TARNAME "skypat"
| #define PACKAGE_VERSION "bourbon"
| #define PACKAGE_STRING "skypat bourbon"
| #define PACKAGE_BUGREPORT "skypat-dev@@googlegroups.com"
| #define PACKAGE_URL ""
| #define SKYPAT_ON_UNIX 1
| #define SKYPAT_DEFAULT_TARGET_TRIPLE $target
| #define PACKAGE "skypat"
| #define VERSION "bourbon"
| #define HAVE_HASH_MAP 1
| #define HAVE_HASH_SET 1
| #define HASH_MAP_H <unordered_map>
| #define HASH_SET_H <unordered_set>
| #define HASH_NAMESPACE std
| #define HASH_MAP_CLASS unordered_map
| #define HASH_SET_CLASS unordered_set
| #define STDC_HEADERS 1
| #define HAVE_SYS_TYPES_H 1
| #define HAVE_SYS_STAT_H 1
| #define HAVE_STDLIB_H 1
| #define HAVE_STRING_H 1
| #define HAVE_MEMORY_H 1
| #define HAVE_STRINGS_H 1
| #define HAVE_INTTYPES_H 1
| #define HAVE_STDINT_H 1
| #define HAVE_UNISTD_H 1
| #define HAVE_DLFCN_H 1
| #define LT_OBJDIR ".libs/"
| #define HAVE_SYS_TIME_H 1
| #define HAVE_CLOCK_GETTIME 1
| #define HAVE_GETTIMEOFDAY 1
| #define HAVE_INT8_T 1
| #define HAVE_INT16_T 1
| #define HAVE_INT32_T 1
| #define HAVE_INT64_T 1
| #define HAVE_INTPTR_T 1
| #define HAVE_UINT8_T 1
| #define HAVE_UINT16_T 1
| #define HAVE_UINT32_T 1
| #define HAVE_UINT64_T 1
| /* end confdefs.h.  */
| #include <stdio.h>
| #ifdef HAVE_SYS_TYPES_H
| # include <sys/types.h>
| #endif
| #ifdef HAVE_SYS_STAT_H
| # include <sys/stat.h>
| #endif
| #ifdef STDC_HEADERS
| # include <stdlib.h>
| # include <stddef.h>
| #else
| # ifdef HAVE_STDLIB_H
| #  include <stdlib.h>
| # endif
| #endif
| #ifdef HAVE_STRING_H
| # if !defined STDC_HEADERS && defined HAVE_MEMORY_H
| #  include <memory.h>
| # endif
| # include <string.h>
| #endif
| #ifdef HAVE_STRINGS_H
| # include <strings.h>
| #endif
| #ifdef HAVE_INTTYPES_H
| # include <inttypes.h>
| #endif
| #ifdef HAVE_STDINT_H
| # include <stdint.h>
| #endif
| #ifdef HAVE_UNISTD_H
| # include <unistd.h>
| #endif
| int
| main ()
| {
| if (sizeof ((uintptr_t)))
| 	    return 0;
|   ;
|   return 0;
| }
configure:16592: result: yes
configure:16602: checking for long double
configure:16602: g++ -c -g -O2  conftest.cpp >&5
configure:16602: $? = 0
configure:16602: g++ -c -g -O2  conftest.cpp >&5
conftest.cpp:81:26: error: expected expression
if (sizeof ((long double)))
                         ^
1 error generated.
configure:16602: $? = 1
configure: failed program was:
| /* confdefs.h */
| #define PACKAGE_NAME "skypat"
| #define PACKAGE_TARNAME "skypat"
| #define PACKAGE_VERSION "bourbon"
| #define PACKAGE_STRING "skypat bourbon"
| #define PACKAGE_BUGREPORT "skypat-dev@@googlegroups.com"
| #define PACKAGE_URL ""
| #define SKYPAT_ON_UNIX 1
| #define SKYPAT_DEFAULT_TARGET_TRIPLE $target
| #define PACKAGE "skypat"
| #define VERSION "bourbon"
| #define HAVE_HASH_MAP 1
| #define HAVE_HASH_SET 1
| #define HASH_MAP_H <unordered_map>
| #define HASH_SET_H <unordered_set>
| #define HASH_NAMESPACE std
| #define HASH_MAP_CLASS unordered_map
| #define HASH_SET_CLASS unordered_set
| #define STDC_HEADERS 1
| #define HAVE_SYS_TYPES_H 1
| #define HAVE_SYS_STAT_H 1
| #define HAVE_STDLIB_H 1
| #define HAVE_STRING_H 1
| #define HAVE_MEMORY_H 1
| #define HAVE_STRINGS_H 1
| #define HAVE_INTTYPES_H 1
| #define HAVE_STDINT_H 1
| #define HAVE_UNISTD_H 1
| #define HAVE_DLFCN_H 1
| #define LT_OBJDIR ".libs/"
| #define HAVE_SYS_TIME_H 1
| #define HAVE_CLOCK_GETTIME 1
| #define HAVE_GETTIMEOFDAY 1
| #define HAVE_INT8_T 1
| #define HAVE_INT16_T 1
| #define HAVE_INT32_T 1
| #define HAVE_INT64_T 1
| #define HAVE_INTPTR_T 1
| #define HAVE_UINT8_T 1
| #define HAVE_UINT16_T 1
| #define HAVE_UINT32_T 1
| #define HAVE_UINT64_T 1
| #define HAVE_UINTPTR_T 1
| /* end confdefs.h.  */
| #include <stdio.h>
| #ifdef HAVE_SYS_TYPES_H
| # include <sys/types.h>
| #endif
| #ifdef HAVE_SYS_STAT_H
| # include <sys/stat.h>
| #endif
| #ifdef STDC_HEADERS
| # include <stdlib.h>
| # include <stddef.h>
| #else
| # ifdef HAVE_STDLIB_H
| #  include <stdlib.h>
| # endif
| #endif
| #ifdef HAVE_STRING_H
| # if !defined STDC_HEADERS && defined HAVE_MEMORY_H
| #  include <memory.h>
| # endif
| # include <string.h>
| #endif
| #ifdef HAVE_STRINGS_H
| # include <strings.h>
| #endif
| #ifdef HAVE_INTTYPES_H
| # include <inttypes.h>
| #endif
| #ifdef HAVE_STDINT_H
| # include <stdint.h>
| #endif
| #ifdef HAVE_UNISTD_H
| # include <unistd.h>
| #endif
| int
| main ()
| {
| if (sizeof ((long double)))
| 	    return 0;
|   ;
|   return 0;
| }
configure:16602: result: yes
configure:16611: checking for long long
configure:16611: g++ -c -g -O2  conftest.cpp >&5
configure:16611: $? = 0
configure:16611: g++ -c -g -O2  conftest.cpp >&5
conftest.cpp:82:24: error: expected expression
if (sizeof ((long long)))
                       ^
1 error generated.
configure:16611: $? = 1
configure: failed program was:
| /* confdefs.h */
| #define PACKAGE_NAME "skypat"
| #define PACKAGE_TARNAME "skypat"
| #define PACKAGE_VERSION "bourbon"
| #define PACKAGE_STRING "skypat bourbon"
| #define PACKAGE_BUGREPORT "skypat-dev@@googlegroups.com"
| #define PACKAGE_URL ""
| #define SKYPAT_ON_UNIX 1
| #define SKYPAT_DEFAULT_TARGET_TRIPLE $target
| #define PACKAGE "skypat"
| #define VERSION "bourbon"
| #define HAVE_HASH_MAP 1
| #define HAVE_HASH_SET 1
| #define HASH_MAP_H <unordered_map>
| #define HASH_SET_H <unordered_set>
| #define HASH_NAMESPACE std
| #define HASH_MAP_CLASS unordered_map
| #define HASH_SET_CLASS unordered_set
| #define STDC_HEADERS 1
| #define HAVE_SYS_TYPES_H 1
| #define HAVE_SYS_STAT_H 1
| #define HAVE_STDLIB_H 1
| #define HAVE_STRING_H 1
| #define HAVE_MEMORY_H 1
| #define HAVE_STRINGS_H 1
| #define HAVE_INTTYPES_H 1
| #define HAVE_STDINT_H 1
| #define HAVE_UNISTD_H 1
| #define HAVE_DLFCN_H 1
| #define LT_OBJDIR ".libs/"
| #define HAVE_SYS_TIME_H 1
| #define HAVE_CLOCK_GETTIME 1
| #define HAVE_GETTIMEOFDAY 1
| #define HAVE_INT8_T 1
| #define HAVE_INT16_T 1
| #define HAVE_INT32_T 1
| #define HAVE_INT64_T 1
| #define HAVE_INTPTR_T 1
| #define HAVE_UINT8_T 1
| #define HAVE_UINT16_T 1
| #define HAVE_UINT32_T 1
| #define HAVE_UINT64_T 1
| #define HAVE_UINTPTR_T 1
| #define HAVE_LONG_DOUBLE 1
| /* end confdefs.h.  */
| #include <stdio.h>
| #ifdef HAVE_SYS_TYPES_H
| # include <sys/types.h>
| #endif
| #ifdef HAVE_SYS_STAT_H
| # include <sys/stat.h>
| #endif
| #ifdef STDC_HEADERS
| # include <stdlib.h>
| # include <stddef.h>
| #else
| # ifdef HAVE_STDLIB_H
| #  include <stdlib.h>
| # endif
| #endif
| #ifdef HAVE_STRING_H
| # if !defined STDC_HEADERS && defined HAVE_MEMORY_H
| #  include <memory.h>
| # endif
| # include <string.h>
| #endif
| #ifdef HAVE_STRINGS_H
| # include <strings.h>
| #endif
| #ifdef HAVE_INTTYPES_H
| # include <inttypes.h>
| #endif
| #ifdef HAVE_STDINT_H
| # include <stdint.h>
| #endif
| #ifdef HAVE_UNISTD_H
| # include <unistd.h>
| #endif
| int
| main ()
| {
| if (sizeof ((long long)))
| 	    return 0;
|   ;
|   return 0;
| }
configure:16611: result: yes
configure:16620: checking for long long int
configure:16620: g++ -c -g -O2  conftest.cpp >&5
configure:16620: $? = 0
configure:16620: g++ -c -g -O2  conftest.cpp >&5
conftest.cpp:83:28: error: expected expression
if (sizeof ((long long int)))
                           ^
1 error generated.
configure:16620: $? = 1
configure: failed program was:
| /* confdefs.h */
| #define PACKAGE_NAME "skypat"
| #define PACKAGE_TARNAME "skypat"
| #define PACKAGE_VERSION "bourbon"
| #define PACKAGE_STRING "skypat bourbon"
| #define PACKAGE_BUGREPORT "skypat-dev@@googlegroups.com"
| #define PACKAGE_URL ""
| #define SKYPAT_ON_UNIX 1
| #define SKYPAT_DEFAULT_TARGET_TRIPLE $target
| #define PACKAGE "skypat"
| #define VERSION "bourbon"
| #define HAVE_HASH_MAP 1
| #define HAVE_HASH_SET 1
| #define HASH_MAP_H <unordered_map>
| #define HASH_SET_H <unordered_set>
| #define HASH_NAMESPACE std
| #define HASH_MAP_CLASS unordered_map
| #define HASH_SET_CLASS unordered_set
| #define STDC_HEADERS 1
| #define HAVE_SYS_TYPES_H 1
| #define HAVE_SYS_STAT_H 1
| #define HAVE_STDLIB_H 1
| #define HAVE_STRING_H 1
| #define HAVE_MEMORY_H 1
| #define HAVE_STRINGS_H 1
| #define HAVE_INTTYPES_H 1
| #define HAVE_STDINT_H 1
| #define HAVE_UNISTD_H 1
| #define HAVE_DLFCN_H 1
| #define LT_OBJDIR ".libs/"
| #define HAVE_SYS_TIME_H 1
| #define HAVE_CLOCK_GETTIME 1
| #define HAVE_GETTIMEOFDAY 1
| #define HAVE_INT8_T 1
| #define HAVE_INT16_T 1
| #define HAVE_INT32_T 1
| #define HAVE_INT64_T 1
| #define HAVE_INTPTR_T 1
| #define HAVE_UINT8_T 1
| #define HAVE_UINT16_T 1
| #define HAVE_UINT32_T 1
| #define HAVE_UINT64_T 1
| #define HAVE_UINTPTR_T 1
| #define HAVE_LONG_DOUBLE 1
| #define HAVE_LONG_LONG 1
| /* end confdefs.h.  */
| #include <stdio.h>
| #ifdef HAVE_SYS_TYPES_H
| # include <sys/types.h>
| #endif
| #ifdef HAVE_SYS_STAT_H
| # include <sys/stat.h>
| #endif
| #ifdef STDC_HEADERS
| # include <stdlib.h>
| # include <stddef.h>
| #else
| # ifdef HAVE_STDLIB_H
| #  include <stdlib.h>
| # endif
| #endif
| #ifdef HAVE_STRING_H
| # if !defined STDC_HEADERS && defined HAVE_MEMORY_H
| #  include <memory.h>
| # endif
| # include <string.h>
| #endif
| #ifdef HAVE_STRINGS_H
| # include <strings.h>
| #endif
| #ifdef HAVE_INTTYPES_H
| # include <inttypes.h>
| #endif
| #ifdef HAVE_STDINT_H
| # include <stdint.h>
| #endif
| #ifdef HAVE_UNISTD_H
| # include <unistd.h>
| #endif
| int
| main ()
| {
| if (sizeof ((long long int)))
| 	    return 0;
|   ;
|   return 0;
| }
configure:16620: result: yes
configure:16629: checking for unsigned long long int
configure:16629: g++ -c -g -O2  conftest.cpp >&5
configure:16629: $? = 0
configure:16629: g++ -c -g -O2  conftest.cpp >&5
conftest.cpp:84:37: error: expected expression
if (sizeof ((unsigned long long int)))
                                    ^
1 error generated.
configure:16629: $? = 1
configure: failed program was:
| /* confdefs.h */
| #define PACKAGE_NAME "skypat"
| #define PACKAGE_TARNAME "skypat"
| #define PACKAGE_VERSION "bourbon"
| #define PACKAGE_STRING "skypat bourbon"
| #define PACKAGE_BUGREPORT "skypat-dev@@googlegroups.com"
| #define PACKAGE_URL ""
| #define SKYPAT_ON_UNIX 1
| #define SKYPAT_DEFAULT_TARGET_TRIPLE $target
| #define PACKAGE "skypat"
| #define VERSION "bourbon"
| #define HAVE_HASH_MAP 1
| #define HAVE_HASH_SET 1
| #define HASH_MAP_H <unordered_map>
| #define HASH_SET_H <unordered_set>
| #define HASH_NAMESPACE std
| #define HASH_MAP_CLASS unordered_map
| #define HASH_SET_CLASS unordered_set
| #define STDC_HEADERS 1
| #define HAVE_SYS_TYPES_H 1
| #define HAVE_SYS_STAT_H 1
| #define HAVE_STDLIB_H 1
| #define HAVE_STRING_H 1
| #define HAVE_MEMORY_H 1
| #define HAVE_STRINGS_H 1
| #define HAVE_INTTYPES_H 1
| #define HAVE_STDINT_H 1
| #define HAVE_UNISTD_H 1
| #define HAVE_DLFCN_H 1
| #define LT_OBJDIR ".libs/"
| #define HAVE_SYS_TIME_H 1
| #define HAVE_CLOCK_GETTIME 1
| #define HAVE_GETTIMEOFDAY 1
| #define HAVE_INT8_T 1
| #define HAVE_INT16_T 1
| #define HAVE_INT32_T 1
| #define HAVE_INT64_T 1
| #define HAVE_INTPTR_T 1
| #define HAVE_UINT8_T 1
| #define HAVE_UINT16_T 1
| #define HAVE_UINT32_T 1
| #define HAVE_UINT64_T 1
| #define HAVE_UINTPTR_T 1
| #define HAVE_LONG_DOUBLE 1
| #define HAVE_LONG_LONG 1
| #define HAVE_LONG_LONG_INT 1
| /* end confdefs.h.  */
| #include <stdio.h>
| #ifdef HAVE_SYS_TYPES_H
| # include <sys/types.h>
| #endif
| #ifdef HAVE_SYS_STAT_H
| # include <sys/stat.h>
| #endif
| #ifdef STDC_HEADERS
| # include <stdlib.h>
| # include <stddef.h>
| #else
| # ifdef HAVE_STDLIB_H
| #  include <stdlib.h>
| # endif
| #endif
| #ifdef HAVE_STRING_H
| # if !defined STDC_HEADERS && defined HAVE_MEMORY_H
| #  include <memory.h>
| # endif
| # include <string.h>
| #endif
| #ifdef HAVE_STRINGS_H
| # include <strings.h>
| #endif
| #ifdef HAVE_INTTYPES_H
| # include <inttypes.h>
| #endif
| #ifdef HAVE_STDINT_H
| # include <stdint.h>
| #endif
| #ifdef HAVE_UNISTD_H
| # include <unistd.h>
| #endif
| int
| main ()
| {
| if (sizeof ((unsigned long long int)))
| 	    return 0;
|   ;
|   return 0;
| }
configure:16629: result: yes
configure:16639: checking for off_t
configure:16639: g++ -c -g -O2  conftest.cpp >&5
configure:16639: $? = 0
configure:16639: g++ -c -g -O2  conftest.cpp >&5
conftest.cpp:85:20: error: expected expression
if (sizeof ((off_t)))
                   ^
1 error generated.
configure:16639: $? = 1
configure: failed program was:
| /* confdefs.h */
| #define PACKAGE_NAME "skypat"
| #define PACKAGE_TARNAME "skypat"
| #define PACKAGE_VERSION "bourbon"
| #define PACKAGE_STRING "skypat bourbon"
| #define PACKAGE_BUGREPORT "skypat-dev@@googlegroups.com"
| #define PACKAGE_URL ""
| #define SKYPAT_ON_UNIX 1
| #define SKYPAT_DEFAULT_TARGET_TRIPLE $target
| #define PACKAGE "skypat"
| #define VERSION "bourbon"
| #define HAVE_HASH_MAP 1
| #define HAVE_HASH_SET 1
| #define HASH_MAP_H <unordered_map>
| #define HASH_SET_H <unordered_set>
| #define HASH_NAMESPACE std
| #define HASH_MAP_CLASS unordered_map
| #define HASH_SET_CLASS unordered_set
| #define STDC_HEADERS 1
| #define HAVE_SYS_TYPES_H 1
| #define HAVE_SYS_STAT_H 1
| #define HAVE_STDLIB_H 1
| #define HAVE_STRING_H 1
| #define HAVE_MEMORY_H 1
| #define HAVE_STRINGS_H 1
| #define HAVE_INTTYPES_H 1
| #define HAVE_STDINT_H 1
| #define HAVE_UNISTD_H 1
| #define HAVE_DLFCN_H 1
| #define LT_OBJDIR ".libs/"
| #define HAVE_SYS_TIME_H 1
| #define HAVE_CLOCK_GETTIME 1
| #define HAVE_GETTIMEOFDAY 1
| #define HAVE_INT8_T 1
| #define HAVE_INT16_T 1
| #define HAVE_INT32_T 1
| #define HAVE_INT64_T 1
| #define HAVE_INTPTR_T 1
| #define HAVE_UINT8_T 1
| #define HAVE_UINT16_T 1
| #define HAVE_UINT32_T 1
| #define HAVE_UINT64_T 1
| #define HAVE_UINTPTR_T 1
| #define HAVE_LONG_DOUBLE 1
| #define HAVE_LONG_LONG 1
| #define HAVE_LONG_LONG_INT 1
| #define HAVE_UNSIGNED_LONG_LONG_INT 1
| /* end confdefs.h.  */
| #include <stdio.h>
| #ifdef HAVE_SYS_TYPES_H
| # include <sys/types.h>
| #endif
| #ifdef HAVE_SYS_STAT_H
| # include <sys/stat.h>
| #endif
| #ifdef STDC_HEADERS
| # include <stdlib.h>
| # include <stddef.h>
| #else
| # ifdef HAVE_STDLIB_H
| #  include <stdlib.h>
| # endif
| #endif
| #ifdef HAVE_STRING_H
| # if !defined STDC_HEADERS && defined HAVE_MEMORY_H
| #  include <memory.h>
| # endif
| # include <string.h>
| #endif
| #ifdef HAVE_STRINGS_H
| # include <strings.h>
| #endif
| #ifdef HAVE_INTTYPES_H
| # include <inttypes.h>
| #endif
| #ifdef HAVE_STDINT_H
| # include <stdint.h>
| #endif
| #ifdef HAVE_UNISTD_H
| # include <unistd.h>
| #endif
| int
| main ()
| {
| if (sizeof ((off_t)))
| 	    return 0;
|   ;
|   return 0;
| }
configure:16639: result: yes
configure:16648: checking for size_t
configure:16648: g++ -c -g -O2  conftest.cpp >&5
configure:16648: $? = 0
configure:16648: g++ -c -g -O2  conftest.cpp >&5
conftest.cpp:86:21: error: expected expression
if (sizeof ((size_t)))
                    ^
1 error generated.
configure:16648: $? = 1
configure: failed program was:
| /* confdefs.h */
| #define PACKAGE_NAME "skypat"
| #define PACKAGE_TARNAME "skypat"
| #define PACKAGE_VERSION "bourbon"
| #define PACKAGE_STRING "skypat bourbon"
| #define PACKAGE_BUGREPORT "skypat-dev@@googlegroups.com"
| #define PACKAGE_URL ""
| #define SKYPAT_ON_UNIX 1
| #define SKYPAT_DEFAULT_TARGET_TRIPLE $target
| #define PACKAGE "skypat"
| #define VERSION "bourbon"
| #define HAVE_HASH_MAP 1
| #define HAVE_HASH_SET 1
| #define HASH_MAP_H <unordered_map>
| #define HASH_SET_H <unordered_set>
| #define HASH_NAMESPACE std
| #define HASH_MAP_CLASS unordered_map
| #define HASH_SET_CLASS unordered_set
| #define STDC_HEADERS 1
| #define HAVE_SYS_TYPES_H 1
| #define HAVE_SYS_STAT_H 1
| #define HAVE_STDLIB_H 1
| #define HAVE_STRING_H 1
| #define HAVE_MEMORY_H 1
| #define HAVE_STRINGS_H 1
| #define HAVE_INTTYPES_H 1
| #define HAVE_STDINT_H 1
| #define HAVE_UNISTD_H 1
| #define HAVE_DLFCN_H 1
| #define LT_OBJDIR ".libs/"
| #define HAVE_SYS_TIME_H 1
| #define HAVE_CLOCK_GETTIME 1
| #define HAVE_GETTIMEOFDAY 1
| #define HAVE_INT8_T 1
| #define HAVE_INT16_T 1
| #define HAVE_INT32_T 1
| #define HAVE_INT64_T 1
| #define HAVE_INTPTR_T 1
| #define HAVE_UINT8_T 1
| #define HAVE_UINT16_T 1
| #define HAVE_UINT32_T 1
| #define HAVE_UINT64_T 1
| #define HAVE_UINTPTR_T 1
| #define HAVE_LONG_DOUBLE 1
| #define HAVE_LONG_LONG 1
| #define HAVE_LONG_LONG_INT 1
| #define HAVE_UNSIGNED_LONG_LONG_INT 1
| #define HAVE_OFF_T 1
| /* end confdefs.h.  */
| #include <stdio.h>
| #ifdef HAVE_SYS_TYPES_H
| # include <sys/types.h>
| #endif
| #ifdef HAVE_SYS_STAT_H
| # include <sys/stat.h>
| #endif
| #ifdef STDC_HEADERS
| # include <stdlib.h>
| # include <stddef.h>
| #else
| # ifdef HAVE_STDLIB_H
| #  include <stdlib.h>
| # endif
| #endif
| #ifdef HAVE_STRING_H
| # if !defined STDC_HEADERS && defined HAVE_MEMORY_H
| #  include <memory.h>
| # endif
| # include <string.h>
| #endif
| #ifdef HAVE_STRINGS_H
| # include <strings.h>
| #endif
| #ifdef HAVE_INTTYPES_H
| # include <inttypes.h>
| #endif
| #ifdef HAVE_STDINT_H
| # include <stdint.h>
| #endif
| #ifdef HAVE_UNISTD_H
| # include <unistd.h>
| #endif
| int
| main ()
| {
| if (sizeof ((size_t)))
| 	    return 0;
|   ;
|   return 0;
| }
configure:16648: result: yes
configure:16657: checking for ssize_t
configure:16657: g++ -c -g -O2  conftest.cpp >&5
configure:16657: $? = 0
configure:16657: g++ -c -g -O2  conftest.cpp >&5
conftest.cpp:87:22: error: expected expression
if (sizeof ((ssize_t)))
                     ^
1 error generated.
configure:16657: $? = 1
configure: failed program was:
| /* confdefs.h */
| #define PACKAGE_NAME "skypat"
| #define PACKAGE_TARNAME "skypat"
| #define PACKAGE_VERSION "bourbon"
| #define PACKAGE_STRING "skypat bourbon"
| #define PACKAGE_BUGREPORT "skypat-dev@@googlegroups.com"
| #define PACKAGE_URL ""
| #define SKYPAT_ON_UNIX 1
| #define SKYPAT_DEFAULT_TARGET_TRIPLE $target
| #define PACKAGE "skypat"
| #define VERSION "bourbon"
| #define HAVE_HASH_MAP 1
| #define HAVE_HASH_SET 1
| #define HASH_MAP_H <unordered_map>
| #define HASH_SET_H <unordered_set>
| #define HASH_NAMESPACE std
| #define HASH_MAP_CLASS unordered_map
| #define HASH_SET_CLASS unordered_set
| #define STDC_HEADERS 1
| #define HAVE_SYS_TYPES_H 1
| #define HAVE_SYS_STAT_H 1
| #define HAVE_STDLIB_H 1
| #define HAVE_STRING_H 1
| #define HAVE_MEMORY_H 1
| #define HAVE_STRINGS_H 1
| #define HAVE_INTTYPES_H 1
| #define HAVE_STDINT_H 1
| #define HAVE_UNISTD_H 1
| #define HAVE_DLFCN_H 1
| #define LT_OBJDIR ".libs/"
| #define HAVE_SYS_TIME_H 1
| #define HAVE_CLOCK_GETTIME 1
| #define HAVE_GETTIMEOFDAY 1
| #define HAVE_INT8_T 1
| #define HAVE_INT16_T 1
| #define HAVE_INT32_T 1
| #define HAVE_INT64_T 1
| #define HAVE_INTPTR_T 1
| #define HAVE_UINT8_T 1
| #define HAVE_UINT16_T 1
| #define HAVE_UINT32_T 1
| #define HAVE_UINT64_T 1
| #define HAVE_UINTPTR_T 1
| #define HAVE_LONG_DOUBLE 1
| #define HAVE_LONG_LONG 1
| #define HAVE_LONG_LONG_INT 1
| #define HAVE_UNSIGNED_LONG_LONG_INT 1
| #define HAVE_OFF_T 1
| #define HAVE_SIZE_T 1
| /* end confdefs.h.  */
| #include <stdio.h>
| #ifdef HAVE_SYS_TYPES_H
| # include <sys/types.h>
| #endif
| #ifdef HAVE_SYS_STAT_H
| # include <sys/stat.h>
| #endif
| #ifdef STDC_HEADERS
| # include <stdlib.h>
| # include <stddef.h>
| #else
| # ifdef HAVE_STDLIB_H
| #  include <stdlib.h>
| # endif
| #endif
| #ifdef HAVE_STRING_H
| # if !defined STDC_HEADERS && defined HAVE_MEMORY_H
| #  include <memory.h>
| # endif
| # include <string.h>
| #endif
| #ifdef HAVE_STRINGS_H
| # include <strings.h>
| #endif
| #ifdef HAVE_INTTYPES_H
| # include <inttypes.h>
| #endif
| #ifdef HAVE_STDINT_H
| # include <stdint.h>
| #endif
| #ifdef HAVE_UNISTD_H
| # include <unistd.h>
| #endif
| int
| main ()
| {
| if (sizeof ((ssize_t)))
| 	    return 0;
|   ;
|   return 0;
| }
configure:16657: result: yes
configure:16668: checking for long double with more range or precision than double
configure:16704: g++ -c -g -O2  conftest.cpp >&5
configure:16704: $? = 0
configure:16711: result: yes
configure:16899: checking for the pthreads library -lpthreads
configure:16932: gcc -o conftest -g -O2    conftest.c -lpthreads  >&5
conftest.c:58:41: warning: null passed to a callee that requires a non-null argument [-Wnonnull]
                     pthread_attr_init(0); pthread_cleanup_push(0, 0);
                                       ~^
conftest.c:59:44: warning: null passed to a callee that requires a non-null argument [-Wnonnull]
                     pthread_create(0,0,0,0); pthread_cleanup_pop(0);
                                    ~      ^
conftest.c:59:44: warning: null passed to a callee that requires a non-null argument [-Wnonnull]
                     pthread_create(0,0,0,0); pthread_cleanup_pop(0);
                                        ~  ^
3 warnings generated.
ld: library not found for -lpthreads
clang: error: linker command failed with exit code 1 (use -v to see invocation)
configure:16932: $? = 1
configure: failed program was:
| /* confdefs.h */
| #define PACKAGE_NAME "skypat"
| #define PACKAGE_TARNAME "skypat"
| #define PACKAGE_VERSION "bourbon"
| #define PACKAGE_STRING "skypat bourbon"
| #define PACKAGE_BUGREPORT "skypat-dev@@googlegroups.com"
| #define PACKAGE_URL ""
| #define SKYPAT_ON_UNIX 1
| #define SKYPAT_DEFAULT_TARGET_TRIPLE $target
| #define PACKAGE "skypat"
| #define VERSION "bourbon"
| #define HAVE_HASH_MAP 1
| #define HAVE_HASH_SET 1
| #define HASH_MAP_H <unordered_map>
| #define HASH_SET_H <unordered_set>
| #define HASH_NAMESPACE std
| #define HASH_MAP_CLASS unordered_map
| #define HASH_SET_CLASS unordered_set
| #define STDC_HEADERS 1
| #define HAVE_SYS_TYPES_H 1
| #define HAVE_SYS_STAT_H 1
| #define HAVE_STDLIB_H 1
| #define HAVE_STRING_H 1
| #define HAVE_MEMORY_H 1
| #define HAVE_STRINGS_H 1
| #define HAVE_INTTYPES_H 1
| #define HAVE_STDINT_H 1
| #define HAVE_UNISTD_H 1
| #define HAVE_DLFCN_H 1
| #define LT_OBJDIR ".libs/"
| #define HAVE_SYS_TIME_H 1
| #define HAVE_CLOCK_GETTIME 1
| #define HAVE_GETTIMEOFDAY 1
| #define HAVE_INT8_T 1
| #define HAVE_INT16_T 1
| #define HAVE_INT32_T 1
| #define HAVE_INT64_T 1
| #define HAVE_INTPTR_T 1
| #define HAVE_UINT8_T 1
| #define HAVE_UINT16_T 1
| #define HAVE_UINT32_T 1
| #define HAVE_UINT64_T 1
| #define HAVE_UINTPTR_T 1
| #define HAVE_LONG_DOUBLE 1
| #define HAVE_LONG_LONG 1
| #define HAVE_LONG_LONG_INT 1
| #define HAVE_UNSIGNED_LONG_LONG_INT 1
| #define HAVE_OFF_T 1
| #define HAVE_SIZE_T 1
| #define HAVE_SSIZE_T 1
| #define HAVE_LONG_DOUBLE_WIDER 1
| /* end confdefs.h.  */
| #include <pthread.h>
| int
| main ()
| {
| pthread_t th; pthread_join(th, 0);
|                      pthread_attr_init(0); pthread_cleanup_push(0, 0);
|                      pthread_create(0,0,0,0); pthread_cleanup_pop(0);
|   ;
|   return 0;
| }
configure:16941: result: no
configure:16844: checking whether pthreads work without any flags
configure:16932: gcc -o conftest -g -O2    conftest.c   >&5
conftest.c:58:41: warning: null passed to a callee that requires a non-null argument [-Wnonnull]
                     pthread_attr_init(0); pthread_cleanup_push(0, 0);
                                       ~^
conftest.c:59:44: warning: null passed to a callee that requires a non-null argument [-Wnonnull]
                     pthread_create(0,0,0,0); pthread_cleanup_pop(0);
                                    ~      ^
conftest.c:59:44: warning: null passed to a callee that requires a non-null argument [-Wnonnull]
                     pthread_create(0,0,0,0); pthread_cleanup_pop(0);
                                        ~  ^
3 warnings generated.
configure:16932: $? = 0
configure:16941: result: yes
configure:16960: checking for joinable pthread attribute
configure:16975: gcc -o conftest -g -O2    conftest.c   >&5
configure:16975: $? = 0
configure:16981: result: PTHREAD_CREATE_JOINABLE
configure:16991: checking if more special flags are required for pthreads
configure:16998: result: -D_THREAD_SAFE
configure:17087: checking whether to check for GCC pthread/shared inconsistencies
configure:17100: gcc -o conftest -shared -fPIC -Wl,-z,defs -g -O2 -D_THREAD_SAFE    conftest.c   >&5
ld: unknown option: -z
clang: error: linker command failed with exit code 1 (use -v to see invocation)
configure:17100: $? = 1
configure: failed program was:
| /* confdefs.h */
| #define PACKAGE_NAME "skypat"
| #define PACKAGE_TARNAME "skypat"
| #define PACKAGE_VERSION "bourbon"
| #define PACKAGE_STRING "skypat bourbon"
| #define PACKAGE_BUGREPORT "skypat-dev@@googlegroups.com"
| #define PACKAGE_URL ""
| #define SKYPAT_ON_UNIX 1
| #define SKYPAT_DEFAULT_TARGET_TRIPLE $target
| #define PACKAGE "skypat"
| #define VERSION "bourbon"
| #define HAVE_HASH_MAP 1
| #define HAVE_HASH_SET 1
| #define HASH_MAP_H <unordered_map>
| #define HASH_SET_H <unordered_set>
| #define HASH_NAMESPACE std
| #define HASH_MAP_CLASS unordered_map
| #define HASH_SET_CLASS unordered_set
| #define STDC_HEADERS 1
| #define HAVE_SYS_TYPES_H 1
| #define HAVE_SYS_STAT_H 1
| #define HAVE_STDLIB_H 1
| #define HAVE_STRING_H 1
| #define HAVE_MEMORY_H 1
| #define HAVE_STRINGS_H 1
| #define HAVE_INTTYPES_H 1
| #define HAVE_STDINT_H 1
| #define HAVE_UNISTD_H 1
| #define HAVE_DLFCN_H 1
| #define LT_OBJDIR ".libs/"
| #define HAVE_SYS_TIME_H 1
| #define HAVE_CLOCK_GETTIME 1
| #define HAVE_GETTIMEOFDAY 1
| #define HAVE_INT8_T 1
| #define HAVE_INT16_T 1
| #define HAVE_INT32_T 1
| #define HAVE_INT64_T 1
| #define HAVE_INTPTR_T 1
| #define HAVE_UINT8_T 1
| #define HAVE_UINT16_T 1
| #define HAVE_UINT32_T 1
| #define HAVE_UINT64_T 1
| #define HAVE_UINTPTR_T 1
| #define HAVE_LONG_DOUBLE 1
| #define HAVE_LONG_LONG 1
| #define HAVE_LONG_LONG_INT 1
| #define HAVE_UNSIGNED_LONG_LONG_INT 1
| #define HAVE_OFF_T 1
| #define HAVE_SIZE_T 1
| #define HAVE_SSIZE_T 1
| #define HAVE_LONG_DOUBLE_WIDER 1
| /* end confdefs.h.  */
| 
| int
| main ()
| {
| 
|   ;
|   return 0;
| }
configure:17109: result: no
configure:17286: checking zlib version
configure:17306: g++ -c -g -O2  conftest.cpp >&5
configure:17306: $? = 0
configure:17308: result: ok (1.2.0.4 or later)
configure:17312: checking for library containing zlibVersion
configure:17343: g++ -o conftest -g -O2   conftest.cpp  >&5
Undefined symbols for architecture x86_64:
  "_zlibVersion", referenced from:
      _main in conftest-a1dbc6.o
ld: symbol(s) not found for architecture x86_64
clang: error: linker command failed with exit code 1 (use -v to see invocation)
configure:17343: $? = 1
configure: failed program was:
| /* confdefs.h */
| #define PACKAGE_NAME "skypat"
| #define PACKAGE_TARNAME "skypat"
| #define PACKAGE_VERSION "bourbon"
| #define PACKAGE_STRING "skypat bourbon"
| #define PACKAGE_BUGREPORT "skypat-dev@@googlegroups.com"
| #define PACKAGE_URL ""
| #define SKYPAT_ON_UNIX 1
| #define SKYPAT_DEFAULT_TARGET_TRIPLE $target
| #define PACKAGE "skypat"
| #define VERSION "bourbon"
| #define HAVE_HASH_MAP 1
| #define HAVE_HASH_SET 1
| #define HASH_MAP_H <unordered_map>
| #define HASH_SET_H <unordered_set>
| #define HASH_NAMESPACE std
| #define HASH_MAP_CLASS unordered_map
| #define HASH_SET_CLASS unordered_set
| #define STDC_HEADERS 1
| #define HAVE_SYS_TYPES_H 1
| #define HAVE_SYS_STAT_H 1
| #define HAVE_STDLIB_H 1
| #define HAVE_STRING_H 1
| #define HAVE_MEMORY_H 1
| #define HAVE_STRINGS_H 1
| #define HAVE_INTTYPES_H 1
| #define HAVE_STDINT_H 1
| #define HAVE_UNISTD_H 1
| #define HAVE_DLFCN_H 1
| #define LT_OBJDIR ".libs/"
| #define HAVE_SYS_TIME_H 1
| #define HAVE_CLOCK_GETTIME 1
| #define HAVE_GETTIMEOFDAY 1
| #define HAVE_INT8_T 1
| #define HAVE_INT16_T 1
| #define HAVE_INT32_T 1
| #define HAVE_INT64_T 1
| #define HAVE_INTPTR_T 1
| #define HAVE_UINT8_T 1
| #define HAVE_UINT16_T 1
| #define HAVE_UINT32_T 1
| #define HAVE_UINT64_T 1
| #define HAVE_UINTPTR_T 1
| #define HAVE_LONG_DOUBLE 1
| #define HAVE_LONG_LONG 1
| #define HAVE_LONG_LONG_INT 1
| #define HAVE_UNSIGNED_LONG_LONG_INT 1
| #define HAVE_OFF_T 1
| #define HAVE_SIZE_T 1
| #define HAVE_SSIZE_T 1
| #define HAVE_LONG_DOUBLE_WIDER 1
| #define HAVE_PTHREAD 1
| /* end confdefs.h.  */
| 
| /* Override any GCC internal prototype to avoid an error.
|    Use char because int might match the return type of a GCC
|    builtin and then its argument prototype would still apply.  */
| #ifdef __cplusplus
| extern "C"
| #endif
| char zlibVersion ();
| int
| main ()
| {
| return zlibVersion ();
|   ;
|   return 0;
| }
configure:17343: g++ -o conftest -g -O2   conftest.cpp -lz   >&5
configure:17343: $? = 0
configure:17360: result: -lz
configure:17641: checking that generated files are newer than configure
configure:17647: result: done
configure:17706: creating ./config.status

## ---------------------- ##
## Running config.status. ##
## ---------------------- ##

This file was extended by skypat config.status bourbon, which was
generated by GNU Autoconf 2.69.  Invocation command line was

  CONFIG_FILES    = 
  CONFIG_HEADERS  = 
  CONFIG_LINKS    = 
  CONFIG_COMMANDS = 
  $ ./config.status 

on liqinghuadeMacBook-Pro.local

config.status:1218: creating Makefile
config.status:1218: creating include/Makefile
config.status:1218: creating lib/Makefile
config.status:1218: creating lib/skypat.pc
config.status:1218: creating examples/Makefile
config.status:1218: creating examples/assertion/Makefile
config.status:1218: creating examples/multi_assert/Makefile
config.status:1218: creating examples/multi_expect/Makefile
config.status:1218: creating examples/multi_case/Makefile
config.status:1218: creating examples/performance/Makefile
config.status:1218: creating examples/smoke/Makefile
config.status:1218: creating examples/fail/Makefile
config.status:1218: creating examples/skypat_c/Makefile
config.status:1218: creating examples/thread/Makefile
config.status:1218: creating include/skypat/Config/Config.h
config.status:1432: executing depfiles commands
config.status:1509: cd lib       && sed -e '/# am--include-marker/d' Makefile         | make -f - am--depfiles
config.status:1514: $? = 0
config.status:1509: cd examples/assertion       && sed -e '/# am--include-marker/d' Makefile         | make -f - am--depfiles
config.status:1514: $? = 0
config.status:1509: cd examples/multi_assert       && sed -e '/# am--include-marker/d' Makefile         | make -f - am--depfiles
config.status:1514: $? = 0
config.status:1509: cd examples/multi_expect       && sed -e '/# am--include-marker/d' Makefile         | make -f - am--depfiles
config.status:1514: $? = 0
config.status:1509: cd examples/multi_case       && sed -e '/# am--include-marker/d' Makefile         | make -f - am--depfiles
config.status:1514: $? = 0
config.status:1509: cd examples/performance       && sed -e '/# am--include-marker/d' Makefile         | make -f - am--depfiles
config.status:1514: $? = 0
config.status:1509: cd examples/smoke       && sed -e '/# am--include-marker/d' Makefile         | make -f - am--depfiles
config.status:1514: $? = 0
config.status:1509: cd examples/fail       && sed -e '/# am--include-marker/d' Makefile         | make -f - am--depfiles
config.status:1514: $? = 0
config.status:1509: cd examples/skypat_c       && sed -e '/# am--include-marker/d' Makefile         | make -f - am--depfiles
config.status:1514: $? = 0
config.status:1509: cd examples/thread       && sed -e '/# am--include-marker/d' Makefile         | make -f - am--depfiles
config.status:1514: $? = 0
config.status:1432: executing libtool commands

## ---------------- ##
## Cache variables. ##
## ---------------- ##

ac_cv_build=x86_64-apple-darwin18.7.0
ac_cv_c_compiler_gnu=yes
ac_cv_cxx_compiler_gnu=yes
ac_cv_cxx_hash_map='<unordered_map>'
ac_cv_cxx_hash_map_class=unordered_map
ac_cv_cxx_hash_namespace=std
ac_cv_cxx_hash_set='<unordered_set>'
ac_cv_cxx_hash_set_class=unordered_set
ac_cv_env_CCC_set=
ac_cv_env_CCC_value=
ac_cv_env_CC_set=
ac_cv_env_CC_value=
ac_cv_env_CFLAGS_set=
ac_cv_env_CFLAGS_value=
ac_cv_env_CPPFLAGS_set=
ac_cv_env_CPPFLAGS_value=
ac_cv_env_CPP_set=
ac_cv_env_CPP_value=
ac_cv_env_CXXCPP_set=
ac_cv_env_CXXCPP_value=
ac_cv_env_CXXFLAGS_set=
ac_cv_env_CXXFLAGS_value=
ac_cv_env_CXX_set=
ac_cv_env_CXX_value=
ac_cv_env_LDFLAGS_set=
ac_cv_env_LDFLAGS_value=
ac_cv_env_LIBS_set=
ac_cv_env_LIBS_value=
ac_cv_env_LT_SYS_LIBRARY_PATH_set=
ac_cv_env_LT_SYS_LIBRARY_PATH_value=
ac_cv_env_build_alias_set=
ac_cv_env_build_alias_value=
ac_cv_env_host_alias_set=
ac_cv_env_host_alias_value=
ac_cv_env_target_alias_set=
ac_cv_env_target_alias_value=
ac_cv_func_gettimeofday=yes
ac_cv_header_asm_unistd_h=no
ac_cv_header_dlfcn_h=yes
ac_cv_header_inttypes_h=yes
ac_cv_header_linux_perf_event_h=no
ac_cv_header_memory_h=yes
ac_cv_header_stdc=yes
ac_cv_header_stdint_h=yes
ac_cv_header_stdlib_h=yes
ac_cv_header_string_h=yes
ac_cv_header_strings_h=yes
ac_cv_header_sys_stat_h=yes
ac_cv_header_sys_time_h=yes
ac_cv_header_sys_types_h=yes
ac_cv_header_unistd_h=yes
ac_cv_host=x86_64-apple-darwin18.7.0
ac_cv_objext=o
ac_cv_path_EGREP='/usr/bin/grep -E'
ac_cv_path_FGREP='/usr/bin/grep -F'
ac_cv_path_GREP=/usr/bin/grep
ac_cv_path_SED=/usr/bin/sed
ac_cv_path_install='/usr/bin/install -c'
ac_cv_path_lt_DD=/bin/dd
ac_cv_prog_AWK=awk
ac_cv_prog_CPP='gcc -E'
ac_cv_prog_CXXCPP='g++ -E'
ac_cv_prog_ac_ct_AR=ar
ac_cv_prog_ac_ct_CC=gcc
ac_cv_prog_ac_ct_CXX=g++
ac_cv_prog_ac_ct_DSYMUTIL=dsymutil
ac_cv_prog_ac_ct_LIPO=lipo
ac_cv_prog_ac_ct_NMEDIT=nmedit
ac_cv_prog_ac_ct_OBJDUMP=objdump
ac_cv_prog_ac_ct_OTOOL=otool
ac_cv_prog_ac_ct_RANLIB=ranlib
ac_cv_prog_ac_ct_STRIP=strip
ac_cv_prog_cc_c89=
ac_cv_prog_cc_g=yes
ac_cv_prog_cxx_g=yes
ac_cv_prog_make_make_set=yes
ac_cv_search_clock_gettime='none required'
ac_cv_search_zlibVersion=-lz
ac_cv_target=x86_64-apple-darwin18.7.0
ac_cv_type_int16_t=yes
ac_cv_type_int32_t=yes
ac_cv_type_int64_t=yes
ac_cv_type_int8_t=yes
ac_cv_type_intptr_t=yes
ac_cv_type_long_double=yes
ac_cv_type_long_double_wider=yes
ac_cv_type_long_long=yes
ac_cv_type_long_long_int=yes
ac_cv_type_off_t=yes
ac_cv_type_size_t=yes
ac_cv_type_ssize_t=yes
ac_cv_type_uint16_t=yes
ac_cv_type_uint32_t=yes
ac_cv_type_uint64_t=yes
ac_cv_type_uint8_t=yes
ac_cv_type_uintptr_t=yes
ac_cv_type_unsigned_long_long_int=yes
am_cv_CC_dependencies_compiler_type=gcc3
am_cv_CXX_dependencies_compiler_type=gcc3
am_cv_make_support_nested_variables=yes
am_cv_prog_cc_c_o=yes
lt_cv_apple_cc_single_mod=yes
lt_cv_ar_at_file=no
lt_cv_deplibs_check_method=pass_all
lt_cv_file_magic_cmd='$MAGIC_CMD'
lt_cv_file_magic_test_file=
lt_cv_ld_exported_symbols_list=yes
lt_cv_ld_force_load=yes
lt_cv_ld_reload_flag=-r
lt_cv_nm_interface='BSD nm'
lt_cv_objdir=.libs
lt_cv_path_LD=/Applications/Xcode.app/Contents/Developer/Toolchains/XcodeDefault.xctoolchain/usr/bin/ld
lt_cv_path_LDCXX=/Applications/Xcode.app/Contents/Developer/Toolchains/XcodeDefault.xctoolchain/usr/bin/ld
lt_cv_path_NM='/usr/bin/nm -B'
lt_cv_path_mainfest_tool=no
lt_cv_prog_compiler_c_o=yes
lt_cv_prog_compiler_c_o_CXX=yes
lt_cv_prog_compiler_pic='-fno-common -DPIC'
lt_cv_prog_compiler_pic_CXX='-fno-common -DPIC'
lt_cv_prog_compiler_pic_works=yes
lt_cv_prog_compiler_pic_works_CXX=yes
lt_cv_prog_compiler_rtti_exceptions=yes
lt_cv_prog_compiler_static_works=no
lt_cv_prog_compiler_static_works_CXX=no
lt_cv_prog_gnu_ld=no
lt_cv_prog_gnu_ldcxx=no
lt_cv_sharedlib_from_linklib_cmd='printf %s\n'
lt_cv_sys_global_symbol_pipe='sed -n -e '\''s/^.*[	 ]\([BCDEGRST][BCDEGRST]*\)[	 ][	 ]*_\([_A-Za-z][_A-Za-z0-9]*\)$/\1 _\2 \2/p'\'' | sed '\''/ __gnu_lto/d'\'''
lt_cv_sys_global_symbol_to_c_name_address='sed -n -e '\''s/^: \(.*\) .*$/  {"\1", (void *) 0},/p'\'' -e '\''s/^[BCDEGRST][BCDEGRST]* .* \(.*\)$/  {"\1", (void *) \&\1},/p'\'''
lt_cv_sys_global_symbol_to_c_name_address_lib_prefix='sed -n -e '\''s/^: \(.*\) .*$/  {"\1", (void *) 0},/p'\'' -e '\''s/^[BCDEGRST][BCDEGRST]* .* \(lib.*\)$/  {"\1", (void *) \&\1},/p'\'' -e '\''s/^[BCDEGRST][BCDEGRST]* .* \(.*\)$/  {"lib\1", (void *) \&\1},/p'\'''
lt_cv_sys_global_symbol_to_cdecl='sed -n -e '\''s/^T .* \(.*\)$/extern int \1();/p'\'' -e '\''s/^[BCDEGRST][BCDEGRST]* .* \(.*\)$/extern char \1;/p'\'''
lt_cv_sys_global_symbol_to_import=
lt_cv_sys_max_cmd_len=196608
lt_cv_to_host_file_cmd=func_convert_file_noop
lt_cv_to_tool_file_cmd=func_convert_file_noop
lt_cv_truncate_bin='/bin/dd bs=4096 count=1'
skypat_cv_host_os_type=Darwin
skypat_cv_host_platform_type=Unix
skypat_cv_target_arch_type=x86_64
skypat_cv_target_os_type=Darwin

## ----------------- ##
## Output variables. ##
## ----------------- ##

ACLOCAL='${SHELL} /Users/liqinghua/git/wasmLearning/WasmVM/cmake-build-debug/SkyPat/src/SkyPat/scripts/missing aclocal-1.16'
AMDEPBACKSLASH='\'
AMDEP_FALSE='#'
AMDEP_TRUE=''
AMTAR='$${TAR-tar}'
AM_BACKSLASH='\'
AM_DEFAULT_V='$(AM_DEFAULT_VERBOSITY)'
AM_DEFAULT_VERBOSITY='1'
AM_V='$(V)'
AR='ar'
AUTOCONF='${SHELL} /Users/liqinghua/git/wasmLearning/WasmVM/cmake-build-debug/SkyPat/src/SkyPat/scripts/missing autoconf'
AUTOHEADER='${SHELL} /Users/liqinghua/git/wasmLearning/WasmVM/cmake-build-debug/SkyPat/src/SkyPat/scripts/missing autoheader'
AUTOMAKE='${SHELL} /Users/liqinghua/git/wasmLearning/WasmVM/cmake-build-debug/SkyPat/src/SkyPat/scripts/missing automake-1.16'
AWK='awk'
CC='gcc'
CCDEPMODE='depmode=gcc3'
CFLAGS='-g -O2'
CPP='gcc -E'
CPPFLAGS=''
CXX='g++'
CXXCPP='g++ -E'
CXXDEPMODE='depmode=gcc3'
CXXFLAGS='-g -O2'
CYGPATH_W='echo'
DEFS='-DHAVE_CONFIG_H'
DEPDIR='.deps'
DLLTOOL='false'
DSYMUTIL='dsymutil'
DUMPBIN=''
ECHO_C='\c'
ECHO_N=''
ECHO_T=''
EGREP='/usr/bin/grep -E'
ENABLE_CLOCK_GETTIME_FALSE=''
ENABLE_CLOCK_GETTIME_TRUE='#'
ENABLE_GETTIMEOFDAY_FALSE='#'
ENABLE_GETTIMEOFDAY_TRUE=''
ENABLE_OPTIMIZE_FALSE=''
ENABLE_OPTIMIZE_TRUE='#'
ENABLE_UNITTEST_FALSE=''
ENABLE_UNITTEST_TRUE='#'
ENABLE_WERROR_FALSE=''
ENABLE_WERROR_TRUE='#'
EXEEXT=''
FGREP='/usr/bin/grep -F'
GCC_FALSE='#'
GCC_TRUE=''
GREP='/usr/bin/grep'
HAVE_PTHREADS_FALSE='#'
HAVE_PTHREADS_TRUE=''
HAVE_ZLIB_FALSE='#'
HAVE_ZLIB_TRUE=''
HOST_OS='Darwin'
INSTALL_DATA='${INSTALL} -m 644'
INSTALL_PROGRAM='${INSTALL}'
INSTALL_SCRIPT='${INSTALL}'
INSTALL_STRIP_PROGRAM='$(install_sh) -c -s'
LD='/Applications/Xcode.app/Contents/Developer/Toolchains/XcodeDefault.xctoolchain/usr/bin/ld'
LDFLAGS=''
LIBOBJS=''
LIBS='-lz '
LIBTOOL='$(SHELL) $(top_builddir)/libtool'
LIPO='lipo'
LN_S='ln -s'
LTLIBOBJS=''
LT_SYS_LIBRARY_PATH=''
MAKEINFO='${SHELL} /Users/liqinghua/git/wasmLearning/WasmVM/cmake-build-debug/SkyPat/src/SkyPat/scripts/missing makeinfo'
MANIFEST_TOOL=':'
MKDIR_P='/Users/liqinghua/git/wasmLearning/WasmVM/cmake-build-debug/SkyPat/src/SkyPat/scripts/install-sh -c -d'
NM='/usr/bin/nm -B'
NMEDIT='nmedit'
OBJDUMP='objdump'
OBJEXT='o'
OTOOL64=':'
OTOOL='otool'
PACKAGE='skypat'
PACKAGE_BUGREPORT='skypat-dev@@googlegroups.com'
PACKAGE_NAME='skypat'
PACKAGE_STRING='skypat bourbon'
PACKAGE_TARNAME='skypat'
PACKAGE_URL=''
PACKAGE_VERSION='3.1.0-bourbon'
PATH_SEPARATOR=':'
PTHREAD_CC='gcc'
PTHREAD_CFLAGS='-D_THREAD_SAFE '
PTHREAD_LIBS=''
RANLIB='ranlib'
SED='/usr/bin/sed'
SET_MAKE=''
SHELL='/bin/sh'
SKYPAT_ON_PLATFORM='SKYPAT_ON_UNIX'
SKYPAT_VERSION='3:1:0'
STRIP='strip'
TARGET_ARCH='x86_64'
TARGET_OS='Darwin'
VERSION='bourbon'
ac_ct_AR='ar'
ac_ct_CC='gcc'
ac_ct_CXX='g++'
ac_ct_DUMPBIN=''
acx_pthread_config=''
am__EXEEXT_FALSE=''
am__EXEEXT_TRUE='#'
am__fastdepCC_FALSE='#'
am__fastdepCC_TRUE=''
am__fastdepCXX_FALSE='#'
am__fastdepCXX_TRUE=''
am__include='include'
am__isrc=' -I$(srcdir)'
am__leading_dot='.'
am__nodep='_no'
am__quote=''
am__tar='$${TAR-tar} chof - "$$tardir"'
am__untar='$${TAR-tar} xf -'
bindir='${exec_prefix}/bin'
build='x86_64-apple-darwin18.7.0'
build_alias=''
build_cpu='x86_64'
build_os='darwin18.7.0'
build_vendor='apple'
datadir='${datarootdir}'
datarootdir='${prefix}/share'
docdir='${datarootdir}/doc/${PACKAGE_TARNAME}'
dvidir='${docdir}'
exec_prefix='${prefix}'
host='x86_64-apple-darwin18.7.0'
host_alias=''
host_cpu='x86_64'
host_os='darwin18.7.0'
host_vendor='apple'
htmldir='${docdir}'
includedir='${prefix}/include'
infodir='${datarootdir}/info'
install_sh='${SHELL} /Users/liqinghua/git/wasmLearning/WasmVM/cmake-build-debug/SkyPat/src/SkyPat/scripts/install-sh'
libdir='${exec_prefix}/lib'
libexecdir='${exec_prefix}/libexec'
localedir='${datarootdir}/locale'
localstatedir='${prefix}/var'
mandir='${datarootdir}/man'
mkdir_p='$(MKDIR_P)'
oldincludedir='/usr/include'
pdfdir='${docdir}'
prefix='/Users/liqinghua/git/wasmLearning/WasmVM/cmake-build-debug/SkyPat'
program_transform_name='s,x,x,'
psdir='${docdir}'
sbindir='${exec_prefix}/sbin'
sharedstatedir='${prefix}/com'
sysconfdir='${prefix}/etc'
target='x86_64-apple-darwin18.7.0'
target_alias=''
target_cpu='x86_64'
target_os='darwin18.7.0'
target_vendor='apple'

## ----------- ##
## confdefs.h. ##
## ----------- ##

/* confdefs.h */
#define PACKAGE_NAME "skypat"
#define PACKAGE_TARNAME "skypat"
#define PACKAGE_VERSION "bourbon"
#define PACKAGE_STRING "skypat bourbon"
#define PACKAGE_BUGREPORT "skypat-dev@@googlegroups.com"
#define PACKAGE_URL ""
#define SKYPAT_ON_UNIX 1
#define SKYPAT_DEFAULT_TARGET_TRIPLE $target
#define PACKAGE "skypat"
#define VERSION "bourbon"
#define HAVE_HASH_MAP 1
#define HAVE_HASH_SET 1
#define HASH_MAP_H <unordered_map>
#define HASH_SET_H <unordered_set>
#define HASH_NAMESPACE std
#define HASH_MAP_CLASS unordered_map
#define HASH_SET_CLASS unordered_set
#define STDC_HEADERS 1
#define HAVE_SYS_TYPES_H 1
#define HAVE_SYS_STAT_H 1
#define HAVE_STDLIB_H 1
#define HAVE_STRING_H 1
#define HAVE_MEMORY_H 1
#define HAVE_STRINGS_H 1
#define HAVE_INTTYPES_H 1
#define HAVE_STDINT_H 1
#define HAVE_UNISTD_H 1
#define HAVE_DLFCN_H 1
#define LT_OBJDIR ".libs/"
#define HAVE_SYS_TIME_H 1
#define HAVE_CLOCK_GETTIME 1
#define HAVE_GETTIMEOFDAY 1
#define HAVE_INT8_T 1
#define HAVE_INT16_T 1
#define HAVE_INT32_T 1
#define HAVE_INT64_T 1
#define HAVE_INTPTR_T 1
#define HAVE_UINT8_T 1
#define HAVE_UINT16_T 1
#define HAVE_UINT32_T 1
#define HAVE_UINT64_T 1
#define HAVE_UINTPTR_T 1
#define HAVE_LONG_DOUBLE 1
#define HAVE_LONG_LONG 1
#define HAVE_LONG_LONG_INT 1
#define HAVE_UNSIGNED_LONG_LONG_INT 1
#define HAVE_OFF_T 1
#define HAVE_SIZE_T 1
#define HAVE_SSIZE_T 1
#define HAVE_LONG_DOUBLE_WIDER 1
#define HAVE_PTHREAD 1
#define HAVE_ZLIB 1
#define ENABLE_GETTIMEOFDAY 1

configure: exit 0
